Iteration	Posterior	Likelihood	Prior	ratePrior	y[1]	y[2]	y[3]	y[4]	y[5]	y[6]	y[7]	y[8]	y[9]	y[10]
0	-44.87735	-43.84374	-1.033604	1.282114	2	2	5	5	6	5	1	3	9	5
10	-33.36405	-32.06412	-1.299927	1.986099	2	2	5	5	6	5	1	3	9	5
20	-28.14279	-26.48531	-1.657476	2.621051	2	2	5	5	6	5	1	3	9	5
30	-25.12832	-22.89932	-2.229006	3.474439	2	2	5	5	6	5	1	3	9	5
40	-25.27879	-23.10846	-2.170327	3.39164	2	2	5	5	6	5	1	3	9	5
50	-25.50657	-22.26782	-3.238743	4.809293	2	2	5	5	6	5	1	3	9	5
60	-24.75519	-22.00496	-2.750234	4.180717	2	2	5	5	6	5	1	3	9	5
70	-24.71421	-22.13304	-2.58117	3.95654	2	2	5	5	6	5	1	3	9	5
80	-24.83028	-21.9881	-2.842182	4.301038	2	2	5	5	6	5	1	3	9	5
90	-27.3365	-23.50429	-3.83221	5.545131	2	2	5	5	6	5	1	3	9	5
100	-24.94404	-22.00603	-2.93801	4.425362	2	2	5	5	6	5	1	3	9	5
110	-24.7116	-22.09916	-2.612435	3.998305	2	2	5	5	6	5	1	3	9	5
120	-25.88163	-22.49531	-3.386316	4.994692	2	2	5	5	6	5	1	3	9	5
130	-29.02888	-24.78501	-4.243865	6.042719	2	2	5	5	6	5	1	3	9	5
140	-28.90967	-24.69269	-4.216987	6.010493	2	2	5	5	6	5	1	3	9	5
150	-25.96017	-22.54555	-3.414617	5.030046	2	2	5	5	6	5	1	3	9	5
160	-25.01611	-22.02856	-2.987552	4.489234	2	2	5	5	6	5	1	3	9	5
170	-24.71302	-22.12335	-2.589665	3.967903	2	2	5	5	6	5	1	3	9	5
180	-25.53288	-22.28296	-3.249927	4.823408	2	2	5	5	6	5	1	3	9	5
190	-24.74089	-22.23466	-2.50623	3.855812	2	2	5	5	6	5	1	3	9	5
200	-24.73111	-22.20541	-2.525692	3.882057	2	2	5	5	6	5	1	3	9	5
210	-24.86283	-21.99003	-2.872801	4.340878	2	2	5	5	6	5	1	3	9	5
220	-24.73167	-22.02597	-2.705693	4.122041	2	2	5	5	6	5	1	3	9	5
230	-24.93093	-22.00264	-2.928286	4.412794	2	2	5	5	6	5	1	3	9	5
240	-25.14663	-22.92536	-2.221268	3.463567	2	2	5	5	6	5	1	3	9	5
250	-26.14016	-24.19495	-1.945212	3.065385	2	2	5	5	6	5	1	3	9	5
260	-26.80508	-24.97662	-1.828462	2.889569	2	2	5	5	6	5	1	3	9	5
270	-25.35067	-23.20513	-2.145544	3.356419	2	2	5	5	6	5	1	3	9	5
280	-25.06774	-22.04788	-3.019858	4.530745	2	2	5	5	6	5	1	3	9	5
290	-25.47694	-22.25098	-3.225966	4.793155	2	2	5	5	6	5	1	3	9	5
300	-24.71354	-22.07151	-2.642029	4.037705	2	2	5	5	6	5	1	3	9	5
310	-24.99087	-22.69626	-2.294616	3.566085	2	2	5	5	6	5	1	3	9	5
320	-24.77726	-22.32298	-2.454275	3.785437	2	2	5	5	6	5	1	3	9	5
330	-25.71627	-23.67599	-2.040275	3.204981	2	2	5	5	6	5	1	3	9	5
340	-24.80357	-22.37759	-2.425981	3.746913	2	2	5	5	6	5	1	3	9	5
350	-25.19116	-22.98796	-2.203202	3.43813	2	2	5	5	6	5	1	3	9	5
360	-24.73268	-22.02466	-2.708013	4.125104	2	2	5	5	6	5	1	3	9	5
370	-26.43132	-24.54102	-1.890306	2.983354	2	2	5	5	6	5	1	3	9	5
380	-25.08038	-22.83013	-2.250252	3.50422	2	2	5	5	6	5	1	3	9	5
390	-24.78538	-21.99289	-2.792494	4.236148	2	2	5	5	6	5	1	3	9	5
400	-24.89302	-21.99445	-2.898572	4.374324	2	2	5	5	6	5	1	3	9	5
410	-24.912	-22.57102	-2.340971	3.630281	2	2	5	5	6	5	1	3	9	5
420	-24.98332	-22.68462	-2.298707	3.571767	2	2	5	5	6	5	1	3	9	5
430	-25.20409	-22.10767	-3.09642	4.628695	2	2	5	5	6	5	1	3	9	5
440	-25.00607	-22.02508	-2.980996	4.480797	2	2	5	5	6	5	1	3	9	5
450	-26.23015	-22.72326	-3.506881	5.144884	2	2	5	5	6	5	1	3	9	5
460	-25.14824	-22.08189	-3.066348	4.590291	2	2	5	5	6	5	1	3	9	5
470	-26.45402	-22.87544	-3.578577	5.233694	2	2	5	5	6	5	1	3	9	5
480	-26.72511	-23.06432	-3.660792	5.335099	2	2	5	5	6	5	1	3	9	5
490	-26.50416	-22.91002	-3.594133	5.252916	2	2	5	5	6	5	1	3	9	5
500	-25.1454	-22.08062	-3.064775	4.588281	2	2	5	5	6	5	1	3	9	5
510	-24.71179	-22.08911	-2.62268	4.01196	2	2	5	5	6	5	1	3	9	5
520	-24.80928	-21.98898	-2.8203	4.272499	2	2	5	5	6	5	1	3	9	5
530	-25.90522	-22.51032	-3.394896	5.005416	2	2	5	5	6	5	1	3	9	5
540	-25.26993	-23.09643	-2.173506	3.396147	2	2	5	5	6	5	1	3	9	5
550	-24.76703	-21.99894	-2.768093	4.20417	2	2	5	5	6	5	1	3	9	5
560	-24.85945	-21.98968	-2.869771	4.33694	2	2	5	5	6	5	1	3	9	5
570	-25.02126	-22.74251	-2.278753	3.544012	2	2	5	5	6	5	1	3	9	5
580	-24.94689	-22.62749	-2.319402	3.600465	2	2	5	5	6	5	1	3	9	5
590	-28.52158	-26.9029	-1.61868	2.557845	2	2	5	5	6	5	1	3	9	5
600	-26.50792	-24.63099	-1.876923	2.96319	2	2	5	5	6	5	1	3	9	5
610	-24.84995	-21.98886	-2.861086	4.325648	2	2	5	5	6	5	1	3	9	5
620	-25.04784	-22.04017	-3.007669	4.515095	2	2	5	5	6	5	1	3	9	5
630	-24.73382	-22.21395	-2.51987	3.874213	2	2	5	5	6	5	1	3	9	5
640	-24.71164	-22.10216	-2.609478	3.994362	2	2	5	5	6	5	1	3	9	5
650	-24.81	-22.39025	-2.419748	3.738408	2	2	5	5	6	5	1	3	9	5
660	-24.71249	-22.0796	-2.632892	4.025555	2	2	5	5	6	5	1	3	9	5
670	-25.56614	-23.48609	-2.080056	3.262572	2	2	5	5	6	5	1	3	9	5
680	-26.15248	-24.20973	-1.942745	3.061723	2	2	5	5	6	5	1	3	9	5
690	-24.83625	-22.4399	-2.39635	3.706415	2	2	5	5	6	5	1	3	9	5
700	-24.9734	-22.66922	-2.304182	3.579369	2	2	5	5	6	5	1	3	9	5
710	-25.14948	-22.9294	-2.220079	3.461894	2	2	5	5	6	5	1	3	9	5
720	-24.82156	-21.98823	-2.833329	4.2895	2	2	5	5	6	5	1	3	9	5
730	-25.2189	-23.02647	-2.192437	3.422936	2	2	5	5	6	5	1	3	9	5
740	-24.71335	-22.12628	-2.587066	3.964427	2	2	5	5	6	5	1	3	9	5
750	-24.7136	-22.07113	-2.642467	4.038288	2	2	5	5	6	5	1	3	9	5
760	-24.71226	-22.08207	-2.630186	4.021953	2	2	5	5	6	5	1	3	9	5
770	-24.7216	-22.17118	-2.550421	3.915317	2	2	5	5	6	5	1	3	9	5
780	-24.8343	-21.98815	-2.846149	4.306207	2	2	5	5	6	5	1	3	9	5
790	-24.73448	-22.21597	-2.518505	3.872373	2	2	5	5	6	5	1	3	9	5
800	-26.48678	-24.6062	-1.880576	2.968701	2	2	5	5	6	5	1	3	9	5
810	-25.06668	-22.04746	-3.019218	4.529923	2	2	5	5	6	5	1	3	9	5
820	-25.08005	-22.82965	-2.250403	3.504431	2	2	5	5	6	5	1	3	9	5
830	-25.29821	-23.13476	-2.163454	3.381888	2	2	5	5	6	5	1	3	9	5
840	-24.81069	-21.98886	-2.821826	4.274491	2	2	5	5	6	5	1	3	9	5
850	-25.65203	-22.35322	-3.298802	4.884964	2	2	5	5	6	5	1	3	9	5
860	-27.14478	-23.36455	-3.780232	5.481636	2	2	5	5	6	5	1	3	9	5
870	-25.12528	-22.07178	-3.053503	4.57386	2	2	5	5	6	5	1	3	9	5
880	-25.7733	-22.42731	-3.345995	4.944212	2	2	5	5	6	5	1	3	9	5
890	-25.39494	-22.20547	-3.18947	4.746978	2	2	5	5	6	5	1	3	9	5
900	-24.74247	-22.01427	-2.728193	4.151715	2	2	5	5	6	5	1	3	9	5
910	-24.95538	-22.64096	-2.314425	3.593572	2	2	5	5	6	5	1	3	9	5
920	-25.85204	-22.47658	-3.375461	4.981114	2	2	5	5	6	5	1	3	9	5
930	-24.75096	-22.00766	-2.743304	4.171605	2	2	5	5	6	5	1	3	9	5
940	-24.74725	-22.01033	-2.736921	4.163206	2	2	5	5	6	5	1	3	9	5
950	-24.72572	-22.03503	-2.690693	4.102222	2	2	5	5	6	5	1	3	9	5
960	-24.73927	-22.23008	-2.509192	3.859809	2	2	5	5	6	5	1	3	9	5
970	-24.72239	-22.17442	-2.547977	3.912034	2	2	5	5	6	5	1	3	9	5
980	-26.71299	-24.87005	-1.842936	2.911659	2	2	5	5	6	5	1	3	9	5
990	-25.91975	-23.92781	-1.991947	3.134378	2	2	5	5	6	5	1	3	9	5
1000	-25.91591	-23.92311	-1.992808	3.135642	2	2	5	5	6	5	1	3	9	5
1010	-25.03418	-22.7619	-2.272279	3.534989	2	2	5	5	6	5	1	3	9	5
1020	-25.82934	-23.81661	-2.012724	3.16482	2	2	5	5	6	5	1	3	9	5
1030	-24.77466	-22.31729	-2.457371	3.789643	2	2	5	5	6	5	1	3	9	5
1040	-25.63553	-23.57437	-2.061168	3.235285	2	2	5	5	6	5	1	3	9	5
1050	-26.65652	-24.80447	-1.852043	2.925513	2	2	5	5	6	5	1	3	9	5
1060	-25.03133	-22.75763	-2.273696	3.536965	2	2	5	5	6	5	1	3	9	5
1070	-24.83056	-21.9881	-2.842459	4.301399	2	2	5	5	6	5	1	3	9	5
1080	-24.71199	-22.11091	-2.601073	3.983145	2	2	5	5	6	5	1	3	9	5
1090	-24.78499	-22.33958	-2.445415	3.773389	2	2	5	5	6	5	1	3	9	5
1100	-25.18984	-22.98612	-2.203722	3.438863	2	2	5	5	6	5	1	3	9	5
1110	-26.77846	-24.94586	-1.832599	2.895892	2	2	5	5	6	5	1	3	9	5
1120	-24.7437	-22.24241	-2.501292	3.849142	2	2	5	5	6	5	1	3	9	5
1130	-25.58939	-22.31594	-3.27345	4.85306	2	2	5	5	6	5	1	3	9	5
1140	-25.30884	-22.15975	-3.149085	4.69574	2	2	5	5	6	5	1	3	9	5
1150	-26.97358	-23.24106	-3.732521	5.423208	2	2	5	5	6	5	1	3	9	5
1160	-24.9213	-22.00032	-2.920975	4.403337	2	2	5	5	6	5	1	3	9	5
1170	-25.07819	-22.05205	-3.026135	4.538797	2	2	5	5	6	5	1	3	9	5
1180	-25.11746	-22.88377	-2.233692	3.481016	2	2	5	5	6	5	1	3	9	5
1190	-24.71342	-22.12694	-2.586484	3.96365	2	2	5	5	6	5	1	3	9	5
1200	-25.12853	-22.07319	-3.055343	4.576216	2	2	5	5	6	5	1	3	9	5
1210	-25.19473	-22.10324	-3.091484	4.622398	2	2	5	5	6	5	1	3	9	5
1220	-25.42224	-23.29976	-2.122479	3.323496	2	2	5	5	6	5	1	3	9	5
1230	-25.6321	-23.57002	-2.062082	3.236607	2	2	5	5	6	5	1	3	9	5
1240	-25.166	-22.08992	-3.076082	4.602733	2	2	5	5	6	5	1	3	9	5
1250	-24.73371	-22.02338	-2.71033	4.128162	2	2	5	5	6	5	1	3	9	5
1260	-25.66002	-22.35803	-3.301987	4.888969	2	2	5	5	6	5	1	3	9	5
1270	-24.83698	-22.44124	-2.395737	3.705576	2	2	5	5	6	5	1	3	9	5
1280	-24.90268	-21.99629	-2.906389	4.384454	2	2	5	5	6	5	1	3	9	5
1290	-25.09353	-22.05831	-3.035212	4.550434	2	2	5	5	6	5	1	3	9	5
1300	-24.76635	-21.99923	-2.767117	4.202889	2	2	5	5	6	5	1	3	9	5
1310	-26.43783	-22.86431	-3.573517	5.227439	2	2	5	5	6	5	1	3	9	5
1320	-25.15628	-22.0855	-3.070779	4.595955	2	2	5	5	6	5	1	3	9	5
1330	-25.55014	-22.29296	-3.257182	4.832557	2	2	5	5	6	5	1	3	9	5
1340	-24.79839	-22.36722	-2.43117	3.753988	2	2	5	5	6	5	1	3	9	5
1350	-26.67015	-23.02566	-3.644482	5.315019	2	2	5	5	6	5	1	3	9	5
1360	-26.55908	-22.9481	-3.610984	5.273719	2	2	5	5	6	5	1	3	9	5
1370	-25.17227	-22.09279	-3.079482	4.607075	2	2	5	5	6	5	1	3	9	5
1380	-24.82229	-21.98821	-2.834089	4.29049	2	2	5	5	6	5	1	3	9	5
1390	-25.50891	-22.26916	-3.239745	4.810558	2	2	5	5	6	5	1	3	9	5
1400	-24.7474	-22.01022	-2.737176	4.163542	2	2	5	5	6	5	1	3	9	5
1410	-25.18088	-22.09677	-3.084111	4.612986	2	2	5	5	6	5	1	3	9	5
1420	-24.80579	-22.38199	-2.423801	3.743939	2	2	5	5	6	5	1	3	9	5
1430	-25.18359	-22.09803	-3.085565	4.614843	2	2	5	5	6	5	1	3	9	5
1440	-24.86508	-21.99028	-2.8748	4.343474	2	2	5	5	6	5	1	3	9	5
1450	-24.71562	-22.06104	-2.654581	4.054379	2	2	5	5	6	5	1	3	9	5
1460	-24.81538	-22.40068	-2.414703	3.731519	2	2	5	5	6	5	1	3	9	5
1470	-24.83288	-21.98812	-2.844754	4.304389	2	2	5	5	6	5	1	3	9	5
1480	-25.19484	-22.10329	-3.091543	4.622472	2	2	5	5	6	5	1	3	9	5
1490	-25.19248	-22.10219	-3.090296	4.620881	2	2	5	5	6	5	1	3	9	5
1500	-24.76327	-22.00064	-2.762629	4.196998	2	2	5	5	6	5	1	3	9	5
1510	-24.80599	-22.38237	-2.423612	3.743681	2	2	5	5	6	5	1	3	9	5
1520	-25.39276	-23.26096	-2.131801	3.33682	2	2	5	5	6	5	1	3	9	5
1530	-25.28333	-23.11463	-2.168706	3.389342	2	2	5	5	6	5	1	3	9	5
1540	-24.85212	-21.98903	-2.863095	4.328261	2	2	5	5	6	5	1	3	9	5
1550	-24.86561	-22.49245	-2.37315	3.674593	2	2	5	5	6	5	1	3	9	5
1560	-24.80346	-22.37737	-2.426091	3.747063	2	2	5	5	6	5	1	3	9	5
1570	-25.29538	-23.13094	-2.164447	3.383297	2	2	5	5	6	5	1	3	9	5
1580	-25.95709	-23.97343	-1.98366	3.122196	2	2	5	5	6	5	1	3	9	5
1590	-24.7192	-22.16077	-2.558436	3.926077	2	2	5	5	6	5	1	3	9	5
1600	-24.71905	-22.16004	-2.559004	3.926838	2	2	5	5	6	5	1	3	9	5
1610	-24.90123	-22.5532	-2.348037	3.640029	2	2	5	5	6	5	1	3	9	5
1620	-24.87258	-22.50457	-2.368004	3.667519	2	2	5	5	6	5	1	3	9	5
1630	-24.72259	-22.1752	-2.547392	3.911248	2	2	5	5	6	5	1	3	9	5
1640	-24.80128	-22.37302	-2.428259	3.75002	2	2	5	5	6	5	1	3	9	5
1650	-24.97275	-22.66821	-2.304543	3.57987	2	2	5	5	6	5	1	3	9	5
1660	-24.87712	-21.99185	-2.885267	4.357066	2	2	5	5	6	5	1	3	9	5
1670	-25.4309	-23.31112	-2.119785	3.319642	2	2	5	5	6	5	1	3	9	5
1680	-24.7795	-22.32786	-2.451646	3.781863	2	2	5	5	6	5	1	3	9	5
1690	-25.18167	-22.09713	-3.084535	4.613528	2	2	5	5	6	5	1	3	9	5
1700	-25.51782	-23.42404	-2.093778	3.282332	2	2	5	5	6	5	1	3	9	5
1710	-24.95521	-22.64069	-2.314525	3.59371	2	2	5	5	6	5	1	3	9	5
1720	-24.7355	-22.02127	-2.714233	4.133312	2	2	5	5	6	5	1	3	9	5
1730	-25.92013	-23.92827	-1.991863	3.134254	2	2	5	5	6	5	1	3	9	5
1740	-27.06707	-25.27744	-1.789624	2.829847	2	2	5	5	6	5	1	3	9	5
1750	-25.81901	-23.80384	-2.015165	3.168387	2	2	5	5	6	5	1	3	9	5
1760	-24.73538	-22.21869	-2.516688	3.869922	2	2	5	5	6	5	1	3	9	5
1770	-24.81466	-21.98856	-2.826093	4.280059	2	2	5	5	6	5	1	3	9	5
1780	-24.78195	-21.99378	-2.788163	4.230478	2	2	5	5	6	5	1	3	9	5
1790	-26.83741	-25.01392	-1.823488	2.881958	2	2	5	5	6	5	1	3	9	5
1800	-25.24165	-23.05778	-2.183868	3.410821	2	2	5	5	6	5	1	3	9	5
1810	-24.72962	-22.20055	-2.529068	3.886604	2	2	5	5	6	5	1	3	9	5
1820	-24.73069	-22.0273	-2.703385	4.118995	2	2	5	5	6	5	1	3	9	5
1830	-24.94107	-22.00524	-2.93583	4.422546	2	2	5	5	6	5	1	3	9	5
1840	-24.76208	-22.00121	-2.760875	4.194695	2	2	5	5	6	5	1	3	9	5
1850	-24.88249	-22.52159	-2.360895	3.657741	2	2	5	5	6	5	1	3	9	5
1860	-24.7119	-22.08694	-2.624965	4.015004	2	2	5	5	6	5	1	3	9	5
1870	-27.39301	-25.64754	-1.745465	2.761091	2	2	5	5	6	5	1	3	9	5
1880	-25.29816	-23.13469	-2.163473	3.381915	2	2	5	5	6	5	1	3	9	5
1890	-24.71174	-22.10565	-2.606092	3.989844	2	2	5	5	6	5	1	3	9	5
1900	-24.71698	-22.14982	-2.567158	3.937774	2	2	5	5	6	5	1	3	9	5
1910	-25.01668	-22.73559	-2.281089	3.547266	2	2	5	5	6	5	1	3	9	5
1920	-25.63328	-22.34199	-3.29129	4.875516	2	2	5	5	6	5	1	3	9	5
1930	-24.73075	-22.20425	-2.526493	3.883137	2	2	5	5	6	5	1	3	9	5
1940	-24.80668	-21.98924	-2.817436	4.268759	2	2	5	5	6	5	1	3	9	5
1950	-25.24758	-22.12876	-3.11882	4.657244	2	2	5	5	6	5	1	3	9	5
1960	-24.82841	-21.9881	-2.840306	4.298594	2	2	5	5	6	5	1	3	9	5
1970	-25.29988	-23.13701	-2.16287	3.381059	2	2	5	5	6	5	1	3	9	5
1980	-24.86638	-21.99044	-2.875943	4.34496	2	2	5	5	6	5	1	3	9	5
1990	-24.84864	-22.46241	-2.386231	3.692547	2	2	5	5	6	5	1	3	9	5
2000	-24.92134	-22.00033	-2.921006	4.403377	2	2	5	5	6	5	1	3	9	5
2010	-24.86808	-21.99064	-2.877441	4.346905	2	2	5	5	6	5	1	3	9	5
2020	-24.72456	-22.18282	-2.541748	3.903663	2	2	5	5	6	5	1	3	9	5
2030	-24.92349	-22.58983	-2.333654	3.620177	2	2	5	5	6	5	1	3	9	5
2040	-24.73437	-22.02258	-2.711789	4.130087	2	2	5	5	6	5	1	3	9	5
2050	-25.48674	-22.25652	-3.230214	4.798522	2	2	5	5	6	5	1	3	9	5
2060	-27.91967	-23.93722	-3.982446	5.727772	2	2	5	5	6	5	1	3	9	5
2070	-26.16878	-22.68226	-3.486519	5.119595	2	2	5	5	6	5	1	3	9	5
2080	-24.87509	-21.99156	-2.883524	4.354804	2	2	5	5	6	5	1	3	9	5
2090	-24.72355	-22.0391	-2.684451	4.093965	2	2	5	5	6	5	1	3	9	5
2100	-24.88073	-21.99239	-2.888337	4.36105	2	2	5	5	6	5	1	3	9	5
2110	-24.79332	-21.99118	-2.80214	4.248769	2	2	5	5	6	5	1	3	9	5
2120	-24.93236	-22.60421	-2.328152	3.612572	2	2	5	5	6	5	1	3	9	5
2130	-24.82834	-21.9881	-2.840239	4.298507	2	2	5	5	6	5	1	3	9	5
2140	-26.039	-24.07297	-1.96603	3.096208	2	2	5	5	6	5	1	3	9	5
2150	-26.15203	-24.20919	-1.942835	3.061856	2	2	5	5	6	5	1	3	9	5
2160	-24.83289	-22.43371	-2.399184	3.710295	2	2	5	5	6	5	1	3	9	5
2170	-24.81213	-22.39439	-2.417735	3.73566	2	2	5	5	6	5	1	3	9	5
2180	-24.79025	-21.99179	-2.79846	4.243956	2	2	5	5	6	5	1	3	9	5
2190	-25.00968	-22.02632	-2.983362	4.483842	2	2	5	5	6	5	1	3	9	5
2200	-25.92885	-23.93894	-1.989912	3.131388	2	2	5	5	6	5	1	3	9	5
2210	-24.85066	-22.46603	-2.384631	3.690353	2	2	5	5	6	5	1	3	9	5
2220	-25.74956	-23.7176	-2.031966	3.192893	2	2	5	5	6	5	1	3	9	5
2230	-24.71882	-22.05025	-2.668568	4.072931	2	2	5	5	6	5	1	3	9	5
2240	-24.77754	-22.3236	-2.45394	3.784981	2	2	5	5	6	5	1	3	9	5
2250	-24.9232	-22.00077	-2.922428	4.405218	2	2	5	5	6	5	1	3	9	5
2260	-24.71165	-22.09325	-2.618402	4.00626	2	2	5	5	6	5	1	3	9	5
2270	-24.83268	-21.98812	-2.844556	4.304131	2	2	5	5	6	5	1	3	9	5
2280	-24.71161	-22.09527	-2.616347	4.003521	2	2	5	5	6	5	1	3	9	5
2290	-24.74851	-22.25518	-2.493331	3.838383	2	2	5	5	6	5	1	3	9	5
2300	-24.87443	-22.50778	-2.366655	3.665665	2	2	5	5	6	5	1	3	9	5
2310	-26.19523	-24.26095	-1.934287	3.049149	2	2	5	5	6	5	1	3	9	5
2320	-24.7232	-22.0398	-2.683406	4.092582	2	2	5	5	6	5	1	3	9	5
2330	-26.29779	-22.76883	-3.528953	5.172264	2	2	5	5	6	5	1	3	9	5
2340	-25.26492	-22.13739	-3.127532	4.668335	2	2	5	5	6	5	1	3	9	5
2350	-24.91355	-21.99857	-2.914984	4.395584	2	2	5	5	6	5	1	3	9	5
2360	-24.75211	-22.26438	-2.487725	3.830798	2	2	5	5	6	5	1	3	9	5
2370	-24.80363	-21.98959	-2.814041	4.264325	2	2	5	5	6	5	1	3	9	5
2380	-24.71416	-22.13266	-2.581498	3.956979	2	2	5	5	6	5	1	3	9	5
2390	-24.92538	-22.00129	-2.924089	4.407367	2	2	5	5	6	5	1	3	9	5
2400	-24.961	-22.01077	-2.950228	4.441139	2	2	5	5	6	5	1	3	9	5
2410	-25.27976	-22.14487	-3.134894	4.6777	2	2	5	5	6	5	1	3	9	5
2420	-26.0542	-22.60662	-3.447575	5.07114	2	2	5	5	6	5	1	3	9	5
2430	-24.71675	-22.05678	-2.659972	4.061533	2	2	5	5	6	5	1	3	9	5
2440	-25.13621	-22.07655	-3.059655	4.581732	2	2	5	5	6	5	1	3	9	5
2450	-24.87132	-21.99105	-2.880265	4.350572	2	2	5	5	6	5	1	3	9	5
2460	-24.7655	-22.29662	-2.468875	3.805259	2	2	5	5	6	5	1	3	9	5
2470	-24.79709	-21.99052	-2.806574	4.254567	2	2	5	5	6	5	1	3	9	5
2480	-25.49043	-23.38865	-2.10178	3.293831	2	2	5	5	6	5	1	3	9	5
2490	-25.78704	-22.43584	-3.351197	4.950733	2	2	5	5	6	5	1	3	9	5
2500	-25.54716	-22.29123	-3.255931	4.83098	2	2	5	5	6	5	1	3	9	5
2510	-25.3458	-22.17909	-3.166705	4.718114	2	2	5	5	6	5	1	3	9	5
2520	-25.61387	-22.33043	-3.283444	4.865643	2	2	5	5	6	5	1	3	9	5
2530	-24.85086	-21.98893	-2.861931	4.326747	2	2	5	5	6	5	1	3	9	5
2540	-25.54482	-22.28987	-3.254951	4.829744	2	2	5	5	6	5	1	3	9	5
2550	-24.8315	-21.98811	-2.843388	4.30261	2	2	5	5	6	5	1	3	9	5
2560	-25.1099	-22.8729	-2.236996	3.48565	2	2	5	5	6	5	1	3	9	5
2570	-24.75041	-22.00804	-2.742362	4.170366	2	2	5	5	6	5	1	3	9	5
2580	-24.80984	-21.98893	-2.820901	4.273284	2	2	5	5	6	5	1	3	9	5
2590	-25.14387	-22.07994	-3.063927	4.587196	2	2	5	5	6	5	1	3	9	5
2600	-25.23517	-22.12266	-3.112512	4.649209	2	2	5	5	6	5	1	3	9	5
2610	-24.72812	-22.03106	-2.697065	4.110645	2	2	5	5	6	5	1	3	9	5
2620	-25.59463	-22.31903	-3.275598	4.855764	2	2	5	5	6	5	1	3	9	5
2630	-24.96567	-22.01214	-2.953528	4.445398	2	2	5	5	6	5	1	3	9	5
2640	-24.8291	-21.9881	-2.840995	4.299492	2	2	5	5	6	5	1	3	9	5
2650	-25.39162	-22.20367	-3.187954	4.745057	2	2	5	5	6	5	1	3	9	5
2660	-26.43748	-22.86407	-3.573407	5.227302	2	2	5	5	6	5	1	3	9	5
2670	-25.40681	-22.21195	-3.194862	4.753808	2	2	5	5	6	5	1	3	9	5
2680	-24.79825	-22.36694	-2.43131	3.75418	2	2	5	5	6	5	1	3	9	5
2690	-24.71182	-22.10772	-2.604098	3.987183	2	2	5	5	6	5	1	3	9	5
2700	-25.82002	-22.45644	-3.363579	4.966243	2	2	5	5	6	5	1	3	9	5
2710	-25.1625	-22.08832	-3.074179	4.6003	2	2	5	5	6	5	1	3	9	5
2720	-24.92772	-22.00185	-2.925865	4.409663	2	2	5	5	6	5	1	3	9	5
2730	-24.84559	-22.45692	-2.388674	3.695897	2	2	5	5	6	5	1	3	9	5
2740	-24.8069	-22.38417	-2.422728	3.742475	2	2	5	5	6	5	1	3	9	5
2750	-25.26747	-23.09307	-2.174396	3.397409	2	2	5	5	6	5	1	3	9	5
2760	-24.8319	-22.43187	-2.400029	3.711452	2	2	5	5	6	5	1	3	9	5
2770	-25.20075	-22.10609	-3.094663	4.626453	2	2	5	5	6	5	1	3	9	5
2780	-25.79237	-23.77084	-2.021528	3.177679	2	2	5	5	6	5	1	3	9	5
2790	-27.76278	-26.0628	-1.699984	2.689245	2	2	5	5	6	5	1	3	9	5
2800	-24.80466	-22.37975	-2.424908	3.745449	2	2	5	5	6	5	1	3	9	5
2810	-24.91018	-22.56804	-2.342146	3.631903	2	2	5	5	6	5	1	3	9	5
2820	-24.83635	-22.44009	-2.396263	3.706296	2	2	5	5	6	5	1	3	9	5
2830	-25.81362	-23.79717	-2.016444	3.170257	2	2	5	5	6	5	1	3	9	5
2840	-25.01824	-22.02931	-2.988929	4.491005	2	2	5	5	6	5	1	3	9	5
2850	-25.2558	-22.13284	-3.122965	4.662521	2	2	5	5	6	5	1	3	9	5
2860	-25.45966	-22.24124	-3.218418	4.783614	2	2	5	5	6	5	1	3	9	5
2870	-24.74635	-22.01103	-2.735313	4.16109	2	2	5	5	6	5	1	3	9	5
2880	-24.73084	-22.20454	-2.526294	3.882869	2	2	5	5	6	5	1	3	9	5
2890	-25.80808	-23.79032	-2.017763	3.172183	2	2	5	5	6	5	1	3	9	5
2900	-24.75189	-22.26383	-2.48806	3.831251	2	2	5	5	6	5	1	3	9	5
2910	-24.98896	-22.69331	-2.295649	3.567519	2	2	5	5	6	5	1	3	9	5
2920	-24.71227	-22.1151	-2.597167	3.977928	2	2	5	5	6	5	1	3	9	5
2930	-25.00026	-22.02311	-2.977152	4.475848	2	2	5	5	6	5	1	3	9	5
2940	-25.87322	-22.48997	-3.383241	4.990847	2	2	5	5	6	5	1	3	9	5
2950	-25.24305	-22.12653	-3.116526	4.654322	2	2	5	5	6	5	1	3	9	5
2960	-24.71315	-22.07413	-2.639023	4.03371	2	2	5	5	6	5	1	3	9	5
2970	-24.7154	-22.1409	-2.574505	3.947617	2	2	5	5	6	5	1	3	9	5
2980	-24.88624	-22.52798	-2.358259	3.654113	2	2	5	5	6	5	1	3	9	5
2990	-25.123	-22.07079	-3.052212	4.572208	2	2	5	5	6	5	1	3	9	5
3000	-24.80446	-22.37935	-2.425105	3.745718	2	2	5	5	6	5	1	3	9	5
3010	-24.75964	-22.00246	-2.757179	4.189841	2	2	5	5	6	5	1	3	9	5
3020	-24.73191	-22.20798	-2.523927	3.87968	2	2	5	5	6	5	1	3	9	5
3030	-24.8238	-22.41672	-2.40708	3.721099	2	2	5	5	6	5	1	3	9	5
3040	-24.91622	-22.57797	-2.338254	3.62653	2	2	5	5	6	5	1	3	9	5
3050	-24.71744	-22.15221	-2.565224	3.935181	2	2	5	5	6	5	1	3	9	5
3060	-25.57622	-23.49897	-2.077255	3.258532	2	2	5	5	6	5	1	3	9	5
3070	-24.86312	-22.48811	-2.375014	3.677153	2	2	5	5	6	5	1	3	9	5
3080	-26.33016	-22.79077	-3.539387	5.185194	2	2	5	5	6	5	1	3	9	5
3090	-24.72041	-22.04604	-2.674369	4.080617	2	2	5	5	6	5	1	3	9	5
3100	-24.9083	-21.99744	-2.910861	4.390246	2	2	5	5	6	5	1	3	9	5
3110	-25.69885	-22.38155	-3.317301	4.90821	2	2	5	5	6	5	1	3	9	5
3120	-24.78582	-21.99278	-2.793042	4.236866	2	2	5	5	6	5	1	3	9	5
3130	-24.78907	-21.99204	-2.797039	4.242096	2	2	5	5	6	5	1	3	9	5
3140	-24.78138	-21.99394	-2.787446	4.229539	2	2	5	5	6	5	1	3	9	5
3150	-24.76992	-21.99776	-2.772164	4.209511	2	2	5	5	6	5	1	3	9	5
3160	-24.75816	-22.00325	-2.754915	4.186868	2	2	5	5	6	5	1	3	9	5
3170	-24.71932	-22.16131	-2.558014	3.92551	2	2	5	5	6	5	1	3	9	5
3180	-24.98775	-22.01899	-2.968763	4.465041	2	2	5	5	6	5	1	3	9	5
3190	-24.95944	-22.64736	-2.312082	3.590324	2	2	5	5	6	5	1	3	9	5
3200	-24.71975	-22.04774	-2.672008	4.07749	2	2	5	5	6	5	1	3	9	5
3210	-25.14386	-22.92143	-2.222426	3.465195	2	2	5	5	6	5	1	3	9	5
3220	-24.92156	-22.5867	-2.334863	3.621847	2	2	5	5	6	5	1	3	9	5
3230	-24.73035	-22.02776	-2.70259	4.117945	2	2	5	5	6	5	1	3	9	5
3240	-26.42567	-22.85596	-3.569705	5.222724	2	2	5	5	6	5	1	3	9	5
3250	-25.47794	-22.25154	-3.226402	4.793705	2	2	5	5	6	5	1	3	9	5
3260	-24.74191	-22.23751	-2.504402	3.853343	2	2	5	5	6	5	1	3	9	5
3270	-25.63918	-22.34552	-3.293659	4.878496	2	2	5	5	6	5	1	3	9	5
3280	-25.52829	-22.2803	-3.247987	4.82096	2	2	5	5	6	5	1	3	9	5
3290	-25.90819	-22.51222	-3.395971	5.00676	2	2	5	5	6	5	1	3	9	5
3300	-25.41848	-22.21835	-3.200124	4.760471	2	2	5	5	6	5	1	3	9	5
3310	-24.72097	-22.04469	-2.676276	4.083143	2	2	5	5	6	5	1	3	9	5
3320	-24.71891	-22.15939	-2.559512	3.927521	2	2	5	5	6	5	1	3	9	5
3330	-24.72251	-22.1749	-2.547613	3.911546	2	2	5	5	6	5	1	3	9	5
3340	-24.96944	-22.66303	-2.306401	3.582448	2	2	5	5	6	5	1	3	9	5
3350	-24.80556	-21.98936	-2.816202	4.267148	2	2	5	5	6	5	1	3	9	5
3360	-24.78735	-21.99242	-2.794931	4.239338	2	2	5	5	6	5	1	3	9	5
3370	-24.83209	-21.98811	-2.843979	4.303379	2	2	5	5	6	5	1	3	9	5
3380	-24.92812	-22.59736	-2.330763	3.616181	2	2	5	5	6	5	1	3	9	5
3390	-24.72332	-22.03955	-2.683772	4.093067	2	2	5	5	6	5	1	3	9	5
3400	-25.1508	-22.93127	-2.219532	3.461126	2	2	5	5	6	5	1	3	9	5
3410	-24.97118	-22.66576	-2.30542	3.581087	2	2	5	5	6	5	1	3	9	5
3420	-27.91863	-26.23656	-1.682076	2.660644	2	2	5	5	6	5	1	3	9	5
3430	-25.12985	-22.07376	-3.056084	4.577163	2	2	5	5	6	5	1	3	9	5
3440	-24.84843	-22.46204	-2.386394	3.692771	2	2	5	5	6	5	1	3	9	5
3450	-24.73831	-22.01823	-2.72008	4.141023	2	2	5	5	6	5	1	3	9	5
3460	-24.76475	-21.99995	-2.764809	4.19986	2	2	5	5	6	5	1	3	9	5
3470	-24.72222	-22.04187	-2.680347	4.088533	2	2	5	5	6	5	1	3	9	5
3480	-25.13208	-22.07474	-3.057342	4.578773	2	2	5	5	6	5	1	3	9	5
3490	-27.29431	-23.47342	-3.820896	5.531323	2	2	5	5	6	5	1	3	9	5
3500	-25.50297	-22.26577	-3.237202	4.807347	2	2	5	5	6	5	1	3	9	5
3510	-25.18963	-22.10085	-3.088781	4.618949	2	2	5	5	6	5	1	3	9	5
3520	-25.2377	-22.1239	-3.113801	4.650851	2	2	5	5	6	5	1	3	9	5
3530	-26.32283	-22.7858	-3.537031	5.182275	2	2	5	5	6	5	1	3	9	5
3540	-25.02962	-22.75507	-2.274549	3.538154	2	2	5	5	6	5	1	3	9	5
3550	-24.72158	-22.04327	-2.67831	4.085836	2	2	5	5	6	5	1	3	9	5
3560	-24.73694	-22.22334	-2.513603	3.865762	2	2	5	5	6	5	1	3	9	5
3570	-24.96402	-22.01165	-2.952367	4.443899	2	2	5	5	6	5	1	3	9	5
3580	-24.88227	-22.52122	-2.361048	3.657952	2	2	5	5	6	5	1	3	9	5
3590	-24.86447	-21.99021	-2.874258	4.342771	2	2	5	5	6	5	1	3	9	5
3600	-25.95668	-22.54331	-3.413376	5.028497	2	2	5	5	6	5	1	3	9	5
3610	-25.56575	-22.30206	-3.263687	4.840759	2	2	5	5	6	5	1	3	9	5
3620	-25.1542	-22.93608	-2.218121	3.459141	2	2	5	5	6	5	1	3	9	5
3630	-26.56253	-24.69491	-1.86762	2.94913	2	2	5	5	6	5	1	3	9	5
3640	-25.31521	-22.16305	-3.152156	4.699642	2	2	5	5	6	5	1	3	9	5
3650	-24.79276	-22.35575	-2.437004	3.761938	2	2	5	5	6	5	1	3	9	5
3660	-24.7123	-22.11547	-2.596821	3.977466	2	2	5	5	6	5	1	3	9	5
3670	-25.0649	-22.04676	-3.018137	4.528536	2	2	5	5	6	5	1	3	9	5
3680	-24.73994	-22.01662	-2.723321	4.145295	2	2	5	5	6	5	1	3	9	5
3690	-24.95863	-22.64609	-2.312548	3.59097	2	2	5	5	6	5	1	3	9	5
3700	-25.31751	-22.16425	-3.153261	4.701047	2	2	5	5	6	5	1	3	9	5
3710	-25.03017	-22.03359	-2.996578	4.500842	2	2	5	5	6	5	1	3	9	5
3720	-24.79539	-22.36113	-2.434256	3.758195	2	2	5	5	6	5	1	3	9	5
3730	-24.71161	-22.10069	-2.61092	3.996285	2	2	5	5	6	5	1	3	9	5
3740	-25.80322	-23.78429	-2.018925	3.173879	2	2	5	5	6	5	1	3	9	5
3750	-25.67888	-23.62906	-2.049815	3.218834	2	2	5	5	6	5	1	3	9	5
3760	-25.74018	-23.70589	-2.03429	3.196277	2	2	5	5	6	5	1	3	9	5
3770	-24.72232	-22.17411	-2.548207	3.912343	2	2	5	5	6	5	1	3	9	5
3780	-24.88376	-22.52377	-2.359995	3.656502	2	2	5	5	6	5	1	3	9	5
3790	-26.29421	-24.3789	-1.915312	3.020851	2	2	5	5	6	5	1	3	9	5
3800	-24.78057	-21.99417	-2.786401	4.228171	2	2	5	5	6	5	1	3	9	5
3810	-26.07308	-22.619	-3.454081	5.079243	2	2	5	5	6	5	1	3	9	5
3820	-25.77168	-22.4263	-3.345376	4.943437	2	2	5	5	6	5	1	3	9	5
3830	-27.25391	-23.44392	-3.809997	5.518015	2	2	5	5	6	5	1	3	9	5
3840	-24.82832	-21.9881	-2.840213	4.298473	2	2	5	5	6	5	1	3	9	5
3850	-24.71444	-22.06641	-2.648036	4.045688	2	2	5	5	6	5	1	3	9	5
3860	-25.07968	-22.82911	-2.250571	3.504666	2	2	5	5	6	5	1	3	9	5
3870	-25.28543	-23.11746	-2.167962	3.388287	2	2	5	5	6	5	1	3	9	5
3880	-25.10678	-22.06386	-3.042925	4.560317	2	2	5	5	6	5	1	3	9	5
3890	-25.16269	-22.08841	-3.07428	4.600429	2	2	5	5	6	5	1	3	9	5
3900	-24.84956	-22.46406	-2.385498	3.691542	2	2	5	5	6	5	1	3	9	5
3910	-24.71186	-22.10865	-2.603219	3.986009	2	2	5	5	6	5	1	3	9	5
3920	-24.8591	-22.48103	-2.378071	3.681351	2	2	5	5	6	5	1	3	9	5
3930	-24.81696	-21.98843	-2.828528	4.283237	2	2	5	5	6	5	1	3	9	5
3940	-24.87431	-22.50756	-2.366747	3.665791	2	2	5	5	6	5	1	3	9	5
3950	-24.71167	-22.10359	-2.608085	3.992504	2	2	5	5	6	5	1	3	9	5
3960	-24.86395	-22.48956	-2.37439	3.676295	2	2	5	5	6	5	1	3	9	5
3970	-24.89587	-22.54423	-2.351642	3.644998	2	2	5	5	6	5	1	3	9	5
3980	-25.77648	-22.42928	-3.347201	4.945725	2	2	5	5	6	5	1	3	9	5
3990	-25.4099	-22.21364	-3.196259	4.755577	2	2	5	5	6	5	1	3	9	5
4000	-27.23193	-23.42789	-3.80404	5.510739	2	2	5	5	6	5	1	3	9	5
4010	-28.35501	-24.26671	-4.088295	5.855713	2	2	5	5	6	5	1	3	9	5
4020	-26.87375	-23.16967	-3.704076	5.388307	2	2	5	5	6	5	1	3	9	5
4030	-24.73163	-22.02602	-2.705608	4.12193	2	2	5	5	6	5	1	3	9	5
4040	-25.55131	-22.29364	-3.257671	4.833175	2	2	5	5	6	5	1	3	9	5
4050	-24.94147	-22.61884	-2.32263	3.604933	2	2	5	5	6	5	1	3	9	5
4060	-24.80785	-21.98912	-2.818732	4.270452	2	2	5	5	6	5	1	3	9	5
4070	-24.75204	-22.00694	-2.745104	4.173972	2	2	5	5	6	5	1	3	9	5
4080	-24.91246	-22.57179	-2.340669	3.629864	2	2	5	5	6	5	1	3	9	5
4090	-24.80328	-22.37701	-2.426266	3.747302	2	2	5	5	6	5	1	3	9	5
4100	-25.3395	-23.19022	-2.149282	3.361741	2	2	5	5	6	5	1	3	9	5
4110	-24.88399	-22.52415	-2.359835	3.656282	2	2	5	5	6	5	1	3	9	5
4120	-24.71879	-22.15886	-2.559934	3.928086	2	2	5	5	6	5	1	3	9	5
4130	-24.8469	-22.45928	-2.387622	3.694455	2	2	5	5	6	5	1	3	9	5
4140	-24.71227	-22.11518	-2.59709	3.977825	2	2	5	5	6	5	1	3	9	5
4150	-24.74229	-22.23854	-2.503743	3.852453	2	2	5	5	6	5	1	3	9	5
4160	-24.78968	-22.3494	-2.440281	3.766401	2	2	5	5	6	5	1	3	9	5
4170	-24.92193	-22.5873	-2.334631	3.621527	2	2	5	5	6	5	1	3	9	5
4180	-25.97793	-23.99883	-1.979104	3.11549	2	2	5	5	6	5	1	3	9	5
4190	-24.72511	-22.03612	-2.688986	4.099965	2	2	5	5	6	5	1	3	9	5
4200	-25.34203	-22.1771	-3.164927	4.715858	2	2	5	5	6	5	1	3	9	5
4210	-25.89618	-22.50456	-3.391616	5.001317	2	2	5	5	6	5	1	3	9	5
4220	-24.86049	-21.98978	-2.870703	4.338151	2	2	5	5	6	5	1	3	9	5
4230	-24.7452	-22.24645	-2.498749	3.845707	2	2	5	5	6	5	1	3	9	5
4240	-24.76658	-21.99913	-2.767451	4.203328	2	2	5	5	6	5	1	3	9	5
4250	-24.74665	-22.25031	-2.49634	3.84245	2	2	5	5	6	5	1	3	9	5
4260	-24.86721	-22.49526	-2.371952	3.672947	2	2	5	5	6	5	1	3	9	5
4270	-24.71372	-22.07041	-2.643305	4.039401	2	2	5	5	6	5	1	3	9	5
4280	-25.13381	-22.90715	-2.226665	3.471152	2	2	5	5	6	5	1	3	9	5
4290	-24.74215	-22.23817	-2.50398	3.852774	2	2	5	5	6	5	1	3	9	5
4300	-25.09736	-22.8548	-2.242555	3.493442	2	2	5	5	6	5	1	3	9	5
4310	-25.0098	-22.72516	-2.284632	3.552198	2	2	5	5	6	5	1	3	9	5
4320	-24.90156	-21.99607	-2.905497	4.383298	2	2	5	5	6	5	1	3	9	5
4330	-25.61879	-23.55314	-2.065643	3.241759	2	2	5	5	6	5	1	3	9	5
4340	-24.86512	-22.49161	-2.373512	3.67509	2	2	5	5	6	5	1	3	9	5
4350	-24.76487	-22.29518	-2.469695	3.806372	2	2	5	5	6	5	1	3	9	5
4360	-24.89317	-22.53969	-2.35348	3.64753	2	2	5	5	6	5	1	3	9	5
4370	-25.46198	-23.3517	-2.110278	3.306024	2	2	5	5	6	5	1	3	9	5
4380	-24.83381	-22.43541	-2.398404	3.709227	2	2	5	5	6	5	1	3	9	5
4390	-24.92741	-22.00178	-2.925636	4.409367	2	2	5	5	6	5	1	3	9	5
4400	-24.75744	-22.27758	-2.479869	3.820162	2	2	5	5	6	5	1	3	9	5
4410	-25.30972	-22.16021	-3.149512	4.696284	2	2	5	5	6	5	1	3	9	5
4420	-24.89372	-21.99458	-2.899143	4.375064	2	2	5	5	6	5	1	3	9	5
4430	-25.37767	-23.241	-2.136669	3.343767	2	2	5	5	6	5	1	3	9	5
4440	-28.72277	-27.12343	-1.599339	2.52596	2	2	5	5	6	5	1	3	9	5
4450	-25.15491	-22.93708	-2.21783	3.458732	2	2	5	5	6	5	1	3	9	5
4460	-25.15647	-22.08559	-3.070879	4.596083	2	2	5	5	6	5	1	3	9	5
4470	-24.88525	-22.5263	-2.358951	3.655065	2	2	5	5	6	5	1	3	9	5
4480	-24.89103	-22.53609	-2.354943	3.649545	2	2	5	5	6	5	1	3	9	5
4490	-24.71751	-22.15258	-2.564931	3.934789	2	2	5	5	6	5	1	3	9	5
4500	-24.78194	-22.3331	-2.448846	3.778056	2	2	5	5	6	5	1	3	9	5
4510	-25.92546	-23.9348	-1.990669	3.1325	2	2	5	5	6	5	1	3	9	5
4520	-24.78116	-21.994	-2.787162	4.229167	2	2	5	5	6	5	1	3	9	5
4530	-24.85995	-21.98973	-2.870221	4.337525	2	2	5	5	6	5	1	3	9	5
4540	-24.99872	-22.02259	-2.976128	4.47453	2	2	5	5	6	5	1	3	9	5
4550	-25.04745	-22.04002	-3.007425	4.514782	2	2	5	5	6	5	1	3	9	5
4560	-25.17232	-22.09281	-3.079508	4.607109	2	2	5	5	6	5	1	3	9	5
4570	-24.88128	-22.51952	-2.361751	3.658919	2	2	5	5	6	5	1	3	9	5
4580	-26.09297	-24.13817	-1.954798	3.079596	2	2	5	5	6	5	1	3	9	5
4590	-26.04927	-24.0854	-1.96387	3.093017	2	2	5	5	6	5	1	3	9	5
4600	-25.12761	-22.07279	-3.05482	4.575546	2	2	5	5	6	5	1	3	9	5
4610	-24.73618	-22.22109	-2.515091	3.867769	2	2	5	5	6	5	1	3	9	5
4620	-25.40598	-22.2115	-3.194487	4.753333	2	2	5	5	6	5	1	3	9	5
4630	-24.94142	-22.00533	-2.936091	4.422882	2	2	5	5	6	5	1	3	9	5
4640	-24.71678	-22.14875	-2.568024	3.938935	2	2	5	5	6	5	1	3	9	5
4650	-27.59575	-25.87577	-1.719979	2.720965	2	2	5	5	6	5	1	3	9	5
4660	-25.29802	-23.1345	-2.163522	3.381984	2	2	5	5	6	5	1	3	9	5
4670	-24.83647	-21.98819	-2.848271	4.30897	2	2	5	5	6	5	1	3	9	5
4680	-24.74602	-22.24865	-2.497372	3.843845	2	2	5	5	6	5	1	3	9	5
4690	-24.95931	-22.64715	-2.312159	3.590432	2	2	5	5	6	5	1	3	9	5
4700	-24.71467	-22.13621	-2.57846	3.952912	2	2	5	5	6	5	1	3	9	5
4710	-24.93596	-22.00391	-2.932047	4.417656	2	2	5	5	6	5	1	3	9	5
4720	-24.82147	-21.98823	-2.833239	4.289381	2	2	5	5	6	5	1	3	9	5
4730	-25.78376	-22.4338	-3.349957	4.949179	2	2	5	5	6	5	1	3	9	5
4740	-25.07448	-22.05056	-3.02392	4.535956	2	2	5	5	6	5	1	3	9	5
4750	-24.93569	-22.00384	-2.931851	4.417403	2	2	5	5	6	5	1	3	9	5
4760	-24.8495	-21.98883	-2.860667	4.325103	2	2	5	5	6	5	1	3	9	5
4770	-25.29766	-22.15399	-3.143664	4.688851	2	2	5	5	6	5	1	3	9	5
4780	-25.42596	-22.22248	-3.203481	4.764719	2	2	5	5	6	5	1	3	9	5
4790	-24.7453	-22.24674	-2.498568	3.845461	2	2	5	5	6	5	1	3	9	5
4800	-24.96253	-22.65221	-2.310316	3.587876	2	2	5	5	6	5	1	3	9	5
4810	-24.77362	-22.31498	-2.458634	3.791358	2	2	5	5	6	5	1	3	9	5
4820	-24.72232	-22.04164	-2.680676	4.088969	2	2	5	5	6	5	1	3	9	5
4830	-25.2676	-22.13873	-3.128865	4.67003	2	2	5	5	6	5	1	3	9	5
4840	-24.88974	-22.5339	-2.355835	3.650775	2	2	5	5	6	5	1	3	9	5
4850	-24.76248	-22.28959	-2.472888	3.810702	2	2	5	5	6	5	1	3	9	5
4860	-25.34603	-22.17922	-3.166815	4.718254	2	2	5	5	6	5	1	3	9	5
4870	-24.73183	-22.02576	-2.706071	4.122541	2	2	5	5	6	5	1	3	9	5
4880	-25.18745	-22.09983	-3.087622	4.617468	2	2	5	5	6	5	1	3	9	5
4890	-24.93456	-22.60776	-2.326804	3.610708	2	2	5	5	6	5	1	3	9	5
4900	-24.85435	-21.98921	-2.865145	4.330926	2	2	5	5	6	5	1	3	9	5
4910	-25.0777	-22.82621	-2.251485	3.505945	2	2	5	5	6	5	1	3	9	5
4920	-24.83225	-21.98812	-2.844132	4.303579	2	2	5	5	6	5	1	3	9	5
4930	-26.52055	-22.92136	-3.599181	5.259151	2	2	5	5	6	5	1	3	9	5
4940	-30.95946	-26.30928	-4.650177	6.525966	2	2	5	5	6	5	1	3	9	5
4950	-30.61488	-26.03384	-4.581034	6.444217	2	2	5	5	6	5	1	3	9	5
4960	-27.12089	-23.34724	-3.77365	5.473584	2	2	5	5	6	5	1	3	9	5
4970	-24.76031	-22.0021	-2.758205	4.19119	2	2	5	5	6	5	1	3	9	5
4980	-24.86187	-21.98993	-2.871946	4.339767	2	2	5	5	6	5	1	3	9	5
4990	-25.75331	-22.41494	-3.338371	4.934653	2	2	5	5	6	5	1	3	9	5
5000	-25.00701	-22.0254	-2.981613	4.481592	2	2	5	5	6	5	1	3	9	5
5010	-25.56363	-22.30082	-3.262807	4.83965	2	2	5	5	6	5	1	3	9	5
5020	-25.32287	-22.16704	-3.15583	4.704309	2	2	5	5	6	5	1	3	9	5
5030	-24.72918	-22.1991	-2.530084	3.887972	2	2	5	5	6	5	1	3	9	5
5040	-25.09971	-22.85821	-2.241504	3.49197	2	2	5	5	6	5	1	3	9	5
5050	-24.93957	-22.00484	-2.934722	4.421113	2	2	5	5	6	5	1	3	9	5
5060	-25.99969	-22.5711	-3.428585	5.047473	2	2	5	5	6	5	1	3	9	5
5070	-24.84743	-21.98869	-2.85874	4.322596	2	2	5	5	6	5	1	3	9	5
5080	-24.7121	-22.08404	-2.628054	4.019116	2	2	5	5	6	5	1	3	9	5
5090	-24.811	-21.98883	-2.822161	4.274928	2	2	5	5	6	5	1	3	9	5
5100	-24.85832	-22.47965	-2.378669	3.682171	2	2	5	5	6	5	1	3	9	5
5110	-24.84211	-21.9884	-2.853706	4.316045	2	2	5	5	6	5	1	3	9	5
5120	-24.74027	-22.0163	-2.723967	4.146147	2	2	5	5	6	5	1	3	9	5
5130	-25.08484	-22.83663	-2.248208	3.50136	2	2	5	5	6	5	1	3	9	5
5140	-24.7298	-22.02855	-2.701244	4.116166	2	2	5	5	6	5	1	3	9	5
5150	-25.87656	-22.4921	-3.384465	4.992377	2	2	5	5	6	5	1	3	9	5
5160	-25.76532	-23.73722	-2.028093	3.187252	2	2	5	5	6	5	1	3	9	5
5170	-24.82982	-22.42801	-2.401811	3.713891	2	2	5	5	6	5	1	3	9	5
5180	-24.88764	-21.99351	-2.894127	4.36856	2	2	5	5	6	5	1	3	9	5
5190	-26.04936	-22.60346	-3.4459	5.069054	2	2	5	5	6	5	1	3	9	5
5200	-24.90532	-21.99682	-2.908502	4.387191	2	2	5	5	6	5	1	3	9	5
5210	-26.07447	-22.61991	-3.454557	5.079836	2	2	5	5	6	5	1	3	9	5
5220	-26.06193	-22.61169	-3.450244	5.074465	2	2	5	5	6	5	1	3	9	5
5230	-24.7594	-22.2823	-2.477105	3.816417	2	2	5	5	6	5	1	3	9	5
5240	-24.82206	-21.98821	-2.833843	4.290169	2	2	5	5	6	5	1	3	9	5
5250	-24.97974	-22.01644	-2.963304	4.458005	2	2	5	5	6	5	1	3	9	5
5260	-24.74453	-22.0125	-2.732031	4.156769	2	2	5	5	6	5	1	3	9	5
5270	-25.79321	-23.77189	-2.021325	3.177383	2	2	5	5	6	5	1	3	9	5
5280	-24.72039	-22.0461	-2.674297	4.080522	2	2	5	5	6	5	1	3	9	5
5290	-25.49848	-22.2632	-3.235275	4.804914	2	2	5	5	6	5	1	3	9	5
5300	-24.82581	-22.4205	-2.405306	3.718673	2	2	5	5	6	5	1	3	9	5
5310	-24.73993	-22.23196	-2.507969	3.858159	2	2	5	5	6	5	1	3	9	5
5320	-25.07288	-22.81917	-2.253715	3.509064	2	2	5	5	6	5	1	3	9	5
5330	-24.74107	-22.01554	-2.725534	4.148212	2	2	5	5	6	5	1	3	9	5
5340	-24.71188	-22.10897	-2.602908	3.985595	2	2	5	5	6	5	1	3	9	5
5350	-24.85989	-21.98972	-2.870167	4.337455	2	2	5	5	6	5	1	3	9	5
5360	-24.72801	-22.03124	-2.69677	4.110255	2	2	5	5	6	5	1	3	9	5
5370	-24.98637	-22.68932	-2.29705	3.569467	2	2	5	5	6	5	1	3	9	5
5380	-25.66776	-23.61506	-2.052697	3.223013	2	2	5	5	6	5	1	3	9	5
5390	-24.74046	-22.23344	-2.507012	3.856868	2	2	5	5	6	5	1	3	9	5
5400	-24.7304	-22.20312	-2.527279	3.884195	2	2	5	5	6	5	1	3	9	5
5410	-24.73505	-22.2177	-2.517346	3.87081	2	2	5	5	6	5	1	3	9	5
5420	-24.80758	-21.98915	-2.81843	4.270057	2	2	5	5	6	5	1	3	9	5
5430	-25.36455	-23.22359	-2.140955	3.34988	2	2	5	5	6	5	1	3	9	5
5440	-24.71328	-22.12575	-2.587535	3.965055	2	2	5	5	6	5	1	3	9	5
5450	-24.72665	-22.19038	-2.536265	3.896289	2	2	5	5	6	5	1	3	9	5
5460	-24.93472	-22.00359	-2.931124	4.416463	2	2	5	5	6	5	1	3	9	5
5470	-24.74941	-22.25751	-2.4919	3.836446	2	2	5	5	6	5	1	3	9	5
5480	-24.71162	-22.10129	-2.610337	3.995507	2	2	5	5	6	5	1	3	9	5
5490	-25.07088	-22.04913	-3.021755	4.533178	2	2	5	5	6	5	1	3	9	5
5500	-25.33146	-23.17946	-2.151999	3.365607	2	2	5	5	6	5	1	3	9	5
5510	-25.26469	-23.08929	-2.175402	3.398834	2	2	5	5	6	5	1	3	9	5
5520	-24.7122	-22.08267	-2.629537	4.02109	2	2	5	5	6	5	1	3	9	5
5530	-24.73264	-22.02471	-2.70793	4.124995	2	2	5	5	6	5	1	3	9	5
5540	-24.80515	-21.98941	-2.815738	4.266542	2	2	5	5	6	5	1	3	9	5
5550	-24.71279	-22.12113	-2.591666	3.970578	2	2	5	5	6	5	1	3	9	5
5560	-25.05896	-22.79871	-2.260254	3.518205	2	2	5	5	6	5	1	3	9	5
5570	-24.72291	-22.17645	-2.546452	3.909986	2	2	5	5	6	5	1	3	9	5
5580	-25.32293	-23.16802	-2.154903	3.369738	2	2	5	5	6	5	1	3	9	5
5590	-24.83574	-21.98818	-2.847567	4.308053	2	2	5	5	6	5	1	3	9	5
5600	-25.82919	-22.4622	-3.366996	4.970521	2	2	5	5	6	5	1	3	9	5
5610	-25.56502	-22.30163	-3.263383	4.840375	2	2	5	5	6	5	1	3	9	5
5620	-25.75169	-22.41394	-3.337753	4.933878	2	2	5	5	6	5	1	3	9	5
5630	-27.89967	-23.9222	-3.977465	5.721737	2	2	5	5	6	5	1	3	9	5
5640	-24.75884	-22.00288	-2.755958	4.188238	2	2	5	5	6	5	1	3	9	5
5650	-25.40245	-23.27374	-2.128711	3.332406	2	2	5	5	6	5	1	3	9	5
5660	-24.71812	-22.15565	-2.562477	3.931497	2	2	5	5	6	5	1	3	9	5
5670	-25.74529	-23.71227	-2.033023	3.194432	2	2	5	5	6	5	1	3	9	5
5680	-24.71427	-22.13343	-2.580837	3.956094	2	2	5	5	6	5	1	3	9	5
5690	-24.71454	-22.06592	-2.648621	4.046465	2	2	5	5	6	5	1	3	9	5
5700	-24.75496	-22.2715	-2.483461	3.825026	2	2	5	5	6	5	1	3	9	5
5710	-24.86878	-22.49799	-2.370792	3.671351	2	2	5	5	6	5	1	3	9	5
5720	-24.7474	-22.25229	-2.495114	3.840792	2	2	5	5	6	5	1	3	9	5
5730	-24.72495	-22.18425	-2.540699	3.902253	2	2	5	5	6	5	1	3	9	5
5740	-24.732	-22.20829	-2.52372	3.8794	2	2	5	5	6	5	1	3	9	5
5750	-24.74939	-22.00876	-2.740637	4.168097	2	2	5	5	6	5	1	3	9	5
5760	-24.79857	-21.99028	-2.80829	4.25681	2	2	5	5	6	5	1	3	9	5
5770	-24.71341	-22.1268	-2.58661	3.963818	2	2	5	5	6	5	1	3	9	5
5780	-24.88362	-21.99285	-2.890773	4.36421	2	2	5	5	6	5	1	3	9	5
5790	-24.9002	-22.55148	-2.348725	3.640976	2	2	5	5	6	5	1	3	9	5
5800	-26.22151	-22.71747	-3.504035	5.141351	2	2	5	5	6	5	1	3	9	5
5810	-27.08317	-23.31996	-3.76321	5.460806	2	2	5	5	6	5	1	3	9	5
5820	-26.93832	-23.21579	-3.722527	5.410952	2	2	5	5	6	5	1	3	9	5
5830	-25.05951	-22.04466	-3.014858	4.524326	2	2	5	5	6	5	1	3	9	5
5840	-25.2341	-23.04741	-2.186687	3.414808	2	2	5	5	6	5	1	3	9	5
5850	-24.72358	-22.03903	-2.684557	4.094105	2	2	5	5	6	5	1	3	9	5
5860	-24.79085	-21.99166	-2.799191	4.244912	2	2	5	5	6	5	1	3	9	5
5870	-24.77575	-21.99565	-2.780103	4.219919	2	2	5	5	6	5	1	3	9	5
5880	-24.71801	-22.05262	-2.66539	4.068718	2	2	5	5	6	5	1	3	9	5
5890	-27.00044	-23.26035	-3.740092	5.432489	2	2	5	5	6	5	1	3	9	5
5900	-25.02396	-22.03135	-2.99261	4.49574	2	2	5	5	6	5	1	3	9	5
5910	-24.74192	-22.23754	-2.504383	3.853318	2	2	5	5	6	5	1	3	9	5
5920	-24.71179	-22.08911	-2.622682	4.011963	2	2	5	5	6	5	1	3	9	5
5930	-25.02447	-22.03153	-2.992937	4.496161	2	2	5	5	6	5	1	3	9	5
5940	-25.38742	-23.2539	-2.133517	3.339269	2	2	5	5	6	5	1	3	9	5
5950	-25.12836	-22.89937	-2.22899	3.474417	2	2	5	5	6	5	1	3	9	5
5960	-24.8194	-22.40838	-2.411022	3.726488	2	2	5	5	6	5	1	3	9	5
5970	-26.13283	-24.18615	-1.946687	3.067574	2	2	5	5	6	5	1	3	9	5
5980	-25.59399	-22.31865	-3.275336	4.855434	2	2	5	5	6	5	1	3	9	5
5990	-24.86921	-22.49873	-2.370476	3.670918	2	2	5	5	6	5	1	3	9	5
6000	-24.81127	-21.98881	-2.822459	4.275318	2	2	5	5	6	5	1	3	9	5
6010	-24.72992	-22.20156	-2.528361	3.885652	2	2	5	5	6	5	1	3	9	5
6020	-24.71219	-22.08285	-2.629337	4.020823	2	2	5	5	6	5	1	3	9	5
6030	-24.78957	-21.99193	-2.797642	4.242886	2	2	5	5	6	5	1	3	9	5
6040	-25.88753	-23.88829	-1.999234	3.14507	2	2	5	5	6	5	1	3	9	5
6050	-25.06248	-22.80389	-2.258589	3.515878	2	2	5	5	6	5	1	3	9	5
6060	-25.93691	-22.5306	-3.406313	5.019679	2	2	5	5	6	5	1	3	9	5
6070	-26.09167	-22.63122	-3.46045	5.087172	2	2	5	5	6	5	1	3	9	5
6080	-25.63102	-22.34064	-3.290382	4.874373	2	2	5	5	6	5	1	3	9	5
6090	-26.079	-22.62289	-3.456114	5.081774	2	2	5	5	6	5	1	3	9	5
6100	-25.11216	-22.06614	-3.046026	4.564289	2	2	5	5	6	5	1	3	9	5
6110	-24.97991	-22.01649	-2.963419	4.458153	2	2	5	5	6	5	1	3	9	5
6120	-24.74033	-22.01624	-2.724096	4.146317	2	2	5	5	6	5	1	3	9	5
6130	-24.75061	-22.0079	-2.742712	4.170826	2	2	5	5	6	5	1	3	9	5
6140	-24.85502	-21.98926	-2.865751	4.331715	2	2	5	5	6	5	1	3	9	5
6150	-25.2228	-23.03185	-2.190951	3.420836	2	2	5	5	6	5	1	3	9	5
6160	-24.7116	-22.09722	-2.614377	4.000896	2	2	5	5	6	5	1	3	9	5
6170	-24.71181	-22.08867	-2.623144	4.012578	2	2	5	5	6	5	1	3	9	5
6180	-24.88856	-21.99367	-2.894893	4.369553	2	2	5	5	6	5	1	3	9	5
6190	-25.04638	-22.03962	-3.006765	4.513935	2	2	5	5	6	5	1	3	9	5
6200	-24.81792	-21.98838	-2.829538	4.284555	2	2	5	5	6	5	1	3	9	5
6210	-25.40961	-23.28317	-2.126444	3.329165	2	2	5	5	6	5	1	3	9	5
6220	-24.8453	-22.4564	-2.388904	3.696213	2	2	5	5	6	5	1	3	9	5
6230	-26.24753	-22.73494	-3.51259	5.151969	2	2	5	5	6	5	1	3	9	5
6240	-24.75042	-22.00804	-2.74238	4.170389	2	2	5	5	6	5	1	3	9	5
6250	-24.71786	-22.05309	-2.664771	4.067897	2	2	5	5	6	5	1	3	9	5
6260	-24.97916	-22.01626	-2.962905	4.457492	2	2	5	5	6	5	1	3	9	5
6270	-26.85776	-23.15828	-3.699474	5.382656	2	2	5	5	6	5	1	3	9	5
6280	-25.77904	-22.43087	-3.34817	4.946939	2	2	5	5	6	5	1	3	9	5
6290	-24.87939	-22.5163	-2.36309	3.660761	2	2	5	5	6	5	1	3	9	5
6300	-24.83648	-22.44032	-2.396158	3.706152	2	2	5	5	6	5	1	3	9	5
6310	-24.71299	-22.07528	-2.637713	4.031968	2	2	5	5	6	5	1	3	9	5
6320	-24.71161	-22.09582	-2.615789	4.002778	2	2	5	5	6	5	1	3	9	5
6330	-25.86274	-22.48334	-3.379399	4.986042	2	2	5	5	6	5	1	3	9	5
6340	-24.77382	-22.31544	-2.458383	3.791018	2	2	5	5	6	5	1	3	9	5
6350	-24.7126	-22.07854	-2.63406	4.027108	2	2	5	5	6	5	1	3	9	5
6360	-25.21053	-23.01488	-2.195648	3.427471	2	2	5	5	6	5	1	3	9	5
6370	-25.31052	-22.16062	-3.149897	4.696772	2	2	5	5	6	5	1	3	9	5
6380	-24.92064	-22.00017	-2.920468	4.402682	2	2	5	5	6	5	1	3	9	5
6390	-25.13263	-22.90547	-2.227166	3.471855	2	2	5	5	6	5	1	3	9	5
6400	-24.76443	-22.29416	-2.470276	3.807159	2	2	5	5	6	5	1	3	9	5
6410	-24.82528	-22.41952	-2.405767	3.719304	2	2	5	5	6	5	1	3	9	5
6420	-25.30714	-22.15888	-3.148266	4.6947	2	2	5	5	6	5	1	3	9	5
6430	-24.7117	-22.10446	-2.607235	3.991369	2	2	5	5	6	5	1	3	9	5
6440	-24.83303	-22.43396	-2.399065	3.710133	2	2	5	5	6	5	1	3	9	5
6450	-25.32567	-22.16851	-3.157166	4.706005	2	2	5	5	6	5	1	3	9	5
6460	-24.90058	-21.99587	-2.904708	4.382277	2	2	5	5	6	5	1	3	9	5
6470	-25.31953	-23.16346	-2.156067	3.371393	2	2	5	5	6	5	1	3	9	5
6480	-24.71617	-22.05889	-2.657274	4.057953	2	2	5	5	6	5	1	3	9	5
6490	-24.79672	-22.36383	-2.432882	3.756323	2	2	5	5	6	5	1	3	9	5
6500	-24.73167	-22.20721	-2.524454	3.88039	2	2	5	5	6	5	1	3	9	5
6510	-24.77714	-21.9952	-2.781938	4.222324	2	2	5	5	6	5	1	3	9	5
6520	-25.24718	-22.12856	-3.118616	4.656984	2	2	5	5	6	5	1	3	9	5
6530	-25.61339	-22.33014	-3.283249	4.865397	2	2	5	5	6	5	1	3	9	5
6540	-25.11681	-22.06812	-3.048687	4.567696	2	2	5	5	6	5	1	3	9	5
6550	-25.19464	-22.1032	-3.091441	4.622343	2	2	5	5	6	5	1	3	9	5
6560	-24.76346	-22.00054	-2.76292	4.19738	2	2	5	5	6	5	1	3	9	5
6570	-24.78529	-21.99291	-2.792382	4.236001	2	2	5	5	6	5	1	3	9	5
6580	-27.38962	-23.54326	-3.846366	5.562394	2	2	5	5	6	5	1	3	9	5
6590	-24.74612	-22.01121	-2.734903	4.16055	2	2	5	5	6	5	1	3	9	5
6600	-25.63568	-22.34343	-3.292255	4.87673	2	2	5	5	6	5	1	3	9	5
6610	-25.60829	-22.32711	-3.281177	4.862789	2	2	5	5	6	5	1	3	9	5
6620	-24.83153	-21.98811	-2.843416	4.302646	2	2	5	5	6	5	1	3	9	5
6630	-24.85317	-22.47052	-2.382655	3.687642	2	2	5	5	6	5	1	3	9	5
6640	-24.81693	-21.98843	-2.8285	4.2832	2	2	5	5	6	5	1	3	9	5
6650	-25.90227	-22.50844	-3.393825	5.004079	2	2	5	5	6	5	1	3	9	5
6660	-25.02969	-22.03342	-2.996273	4.50045	2	2	5	5	6	5	1	3	9	5
6670	-25.11361	-22.06676	-3.046858	4.565354	2	2	5	5	6	5	1	3	9	5
6680	-24.93103	-22.00267	-2.928362	4.412892	2	2	5	5	6	5	1	3	9	5
6690	-27.41535	-23.56217	-3.853183	5.570704	2	2	5	5	6	5	1	3	9	5
6700	-27.59819	-23.69721	-3.900976	5.628888	2	2	5	5	6	5	1	3	9	5
6710	-24.8897	-21.99386	-2.895839	4.370781	2	2	5	5	6	5	1	3	9	5
6720	-25.95977	-22.5453	-3.414475	5.029869	2	2	5	5	6	5	1	3	9	5
6730	-26.00285	-22.57315	-3.429694	5.048856	2	2	5	5	6	5	1	3	9	5
6740	-25.44413	-22.23256	-3.21157	4.774954	2	2	5	5	6	5	1	3	9	5
6750	-24.92668	-22.0016	-2.925081	4.40865	2	2	5	5	6	5	1	3	9	5
6760	-24.89049	-21.994	-2.896486	4.371619	2	2	5	5	6	5	1	3	9	5
6770	-24.96312	-22.65315	-2.309975	3.587403	2	2	5	5	6	5	1	3	9	5
6780	-24.80891	-21.98902	-2.819894	4.271968	2	2	5	5	6	5	1	3	9	5
6790	-24.74257	-22.23932	-2.50325	3.851788	2	2	5	5	6	5	1	3	9	5
6800	-24.80318	-21.98964	-2.813538	4.263668	2	2	5	5	6	5	1	3	9	5
6810	-24.76267	-22.00092	-2.76175	4.195845	2	2	5	5	6	5	1	3	9	5
6820	-26.54747	-22.94003	-3.607437	5.269343	2	2	5	5	6	5	1	3	9	5
6830	-27.28468	-23.46637	-3.818303	5.528157	2	2	5	5	6	5	1	3	9	5
6840	-25.4721	-22.24824	-3.223856	4.790489	2	2	5	5	6	5	1	3	9	5
6850	-24.77319	-22.31404	-2.45915	3.792059	2	2	5	5	6	5	1	3	9	5
6860	-25.09409	-22.05855	-3.035543	4.550859	2	2	5	5	6	5	1	3	9	5
6870	-24.86017	-21.98975	-2.870415	4.337777	2	2	5	5	6	5	1	3	9	5
6880	-24.89205	-21.99428	-2.897774	4.373289	2	2	5	5	6	5	1	3	9	5
6890	-24.91152	-22.57023	-2.341282	3.63071	2	2	5	5	6	5	1	3	9	5
6900	-25.07222	-22.8182	-2.254021	3.509493	2	2	5	5	6	5	1	3	9	5
6910	-24.93214	-22.60386	-2.328284	3.612754	2	2	5	5	6	5	1	3	9	5
6920	-24.79403	-22.35837	-2.435664	3.760114	2	2	5	5	6	5	1	3	9	5
6930	-24.82024	-22.40998	-2.41026	3.725447	2	2	5	5	6	5	1	3	9	5
6940	-24.78897	-22.34791	-2.441053	3.767452	2	2	5	5	6	5	1	3	9	5
6950	-24.74791	-22.25361	-2.494294	3.839684	2	2	5	5	6	5	1	3	9	5
6960	-24.94818	-22.00715	-2.941034	4.429268	2	2	5	5	6	5	1	3	9	5
6970	-25.98379	-22.56081	-3.422987	5.04049	2	2	5	5	6	5	1	3	9	5
6980	-25.00094	-22.02333	-2.977602	4.476427	2	2	5	5	6	5	1	3	9	5
6990	-25.46366	-23.35389	-2.10977	3.305296	2	2	5	5	6	5	1	3	9	5
7000	-24.77239	-22.31225	-2.460135	3.793397	2	2	5	5	6	5	1	3	9	5
7010	-24.92398	-22.00095	-2.923028	4.405994	2	2	5	5	6	5	1	3	9	5
7020	-24.89575	-21.99495	-2.900802	4.377214	2	2	5	5	6	5	1	3	9	5
7030	-24.74697	-22.01055	-2.736425	4.162554	2	2	5	5	6	5	1	3	9	5
7040	-24.9837	-22.01769	-2.966012	4.461496	2	2	5	5	6	5	1	3	9	5
7050	-24.82626	-22.42135	-2.404909	3.71813	2	2	5	5	6	5	1	3	9	5
7060	-24.7233	-22.03959	-2.683715	4.092991	2	2	5	5	6	5	1	3	9	5
7070	-24.7453	-22.24672	-2.498576	3.845473	2	2	5	5	6	5	1	3	9	5
7080	-26.30311	-22.77244	-3.530675	5.174399	2	2	5	5	6	5	1	3	9	5
7090	-25.99423	-22.56757	-3.426666	5.04508	2	2	5	5	6	5	1	3	9	5
7100	-27.44656	-23.58514	-3.861423	5.580745	2	2	5	5	6	5	1	3	9	5
7110	-26.17918	-22.68918	-3.489993	5.123911	2	2	5	5	6	5	1	3	9	5
7120	-24.76078	-22.00186	-2.758918	4.192126	2	2	5	5	6	5	1	3	9	5
7130	-24.75629	-22.27477	-2.48152	3.822398	2	2	5	5	6	5	1	3	9	5
7140	-25.79765	-23.77739	-2.020259	3.175827	2	2	5	5	6	5	1	3	9	5
7150	-24.93871	-22.00462	-2.934091	4.420298	2	2	5	5	6	5	1	3	9	5
7160	-24.7893	-21.99199	-2.797314	4.242456	2	2	5	5	6	5	1	3	9	5
7170	-24.71614	-22.14525	-2.570887	3.942771	2	2	5	5	6	5	1	3	9	5
7180	-24.93811	-22.00447	-2.933647	4.419725	2	2	5	5	6	5	1	3	9	5
7190	-24.72815	-22.19562	-2.532532	3.891266	2	2	5	5	6	5	1	3	9	5
7200	-24.75793	-22.00338	-2.754544	4.186381	2	2	5	5	6	5	1	3	9	5
7210	-24.7731	-21.99657	-2.776531	4.215237	2	2	5	5	6	5	1	3	9	5
7220	-24.75528	-22.27228	-2.482996	3.824396	2	2	5	5	6	5	1	3	9	5
7230	-24.71277	-22.12091	-2.591857	3.970833	2	2	5	5	6	5	1	3	9	5
7240	-25.34783	-22.18017	-3.167659	4.719325	2	2	5	5	6	5	1	3	9	5
7250	-24.79944	-22.36934	-2.430104	3.752535	2	2	5	5	6	5	1	3	9	5
7260	-24.81171	-22.39359	-2.418126	3.736194	2	2	5	5	6	5	1	3	9	5
7270	-24.72433	-22.03757	-2.686766	4.097028	2	2	5	5	6	5	1	3	9	5
7280	-24.71187	-22.08746	-2.624409	4.014263	2	2	5	5	6	5	1	3	9	5
7290	-24.7232	-22.17761	-2.545588	3.908825	2	2	5	5	6	5	1	3	9	5
7300	-24.71161	-22.10021	-2.611403	3.996929	2	2	5	5	6	5	1	3	9	5
7310	-26.66194	-24.81077	-1.851161	2.924173	2	2	5	5	6	5	1	3	9	5
7320	-29.96141	-28.46561	-1.495798	2.350371	2	2	5	5	6	5	1	3	9	5
7330	-32.43705	-31.09311	-1.343934	2.072867	2	2	5	5	6	5	1	3	9	5
7340	-26.6305	-24.7742	-1.856301	2.931978	2	2	5	5	6	5	1	3	9	5
7350	-25.47104	-23.3635	-2.107548	3.30211	2	2	5	5	6	5	1	3	9	5
7360	-25.16061	-22.94513	-2.215485	3.455432	2	2	5	5	6	5	1	3	9	5
7370	-26.32511	-22.78735	-3.537765	5.183185	2	2	5	5	6	5	1	3	9	5
7380	-26.54167	-22.93601	-3.605662	5.267152	2	2	5	5	6	5	1	3	9	5
7390	-25.47837	-22.25179	-3.226588	4.793941	2	2	5	5	6	5	1	3	9	5
7400	-24.83034	-21.9881	-2.842239	4.301113	2	2	5	5	6	5	1	3	9	5
7410	-24.92966	-22.00233	-2.927331	4.411559	2	2	5	5	6	5	1	3	9	5
7420	-24.73797	-22.01859	-2.719372	4.140089	2	2	5	5	6	5	1	3	9	5
7430	-27.19422	-23.40044	-3.793774	5.498194	2	2	5	5	6	5	1	3	9	5
7440	-26.97272	-23.24045	-3.732278	5.42291	2	2	5	5	6	5	1	3	9	5
7450	-25.9198	-22.51964	-3.400163	5.011997	2	2	5	5	6	5	1	3	9	5
7460	-24.77107	-21.99732	-2.77375	4.211591	2	2	5	5	6	5	1	3	9	5
7470	-25.18873	-22.10043	-3.088304	4.618339	2	2	5	5	6	5	1	3	9	5
7480	-24.92795	-22.00191	-2.926041	4.409891	2	2	5	5	6	5	1	3	9	5
7490	-24.71901	-22.15987	-2.559141	3.927022	2	2	5	5	6	5	1	3	9	5
7500	-25.05176	-22.78806	-2.263697	3.523013	2	2	5	5	6	5	1	3	9	5
7510	-25.01121	-22.02684	-2.984361	4.485128	2	2	5	5	6	5	1	3	9	5
7520	-24.785	-22.3396	-2.445402	3.773371	2	2	5	5	6	5	1	3	9	5
7530	-24.71176	-22.10619	-2.605569	3.989147	2	2	5	5	6	5	1	3	9	5
7540	-25.63343	-22.34208	-3.291351	4.875592	2	2	5	5	6	5	1	3	9	5
7550	-24.90623	-22.5615	-2.344731	3.63547	2	2	5	5	6	5	1	3	9	5
7560	-24.71173	-22.10535	-2.606378	3.990225	2	2	5	5	6	5	1	3	9	5
7570	-24.71304	-22.12355	-2.589491	3.96767	2	2	5	5	6	5	1	3	9	5
7580	-24.75172	-22.2634	-2.488319	3.831602	2	2	5	5	6	5	1	3	9	5
7590	-25.02688	-22.75097	-2.275917	3.540061	2	2	5	5	6	5	1	3	9	5
7600	-24.78628	-22.34228	-2.443992	3.771453	2	2	5	5	6	5	1	3	9	5
7610	-24.9099	-21.99778	-2.912121	4.391878	2	2	5	5	6	5	1	3	9	5
7620	-24.97335	-22.66915	-2.304208	3.579404	2	2	5	5	6	5	1	3	9	5
7630	-24.81441	-22.3988	-2.415604	3.732749	2	2	5	5	6	5	1	3	9	5
7640	-24.98868	-22.01929	-2.969395	4.465856	2	2	5	5	6	5	1	3	9	5
7650	-25.31491	-22.1629	-3.15201	4.699457	2	2	5	5	6	5	1	3	9	5
7660	-24.71253	-22.11828	-2.594248	3.974029	2	2	5	5	6	5	1	3	9	5
7670	-24.94023	-22.61686	-2.323373	3.605961	2	2	5	5	6	5	1	3	9	5
7680	-24.81462	-22.39922	-2.415403	3.732475	2	2	5	5	6	5	1	3	9	5
7690	-25.05505	-22.79294	-2.262117	3.520807	2	2	5	5	6	5	1	3	9	5
7700	-25.6685	-23.616	-2.052503	3.222732	2	2	5	5	6	5	1	3	9	5
7710	-25.12631	-22.89645	-2.229867	3.475648	2	2	5	5	6	5	1	3	9	5
7720	-24.97186	-22.014	-2.957857	4.450981	2	2	5	5	6	5	1	3	9	5
7730	-25.30248	-22.15647	-3.146006	4.691829	2	2	5	5	6	5	1	3	9	5
7740	-25.25405	-22.13196	-3.122082	4.661397	2	2	5	5	6	5	1	3	9	5
7750	-26.18471	-22.69287	-3.491838	5.126203	2	2	5	5	6	5	1	3	9	5
7760	-24.91429	-22.5748	-2.339492	3.628239	2	2	5	5	6	5	1	3	9	5
7770	-25.32222	-22.1667	-3.155516	4.703911	2	2	5	5	6	5	1	3	9	5
7780	-24.71279	-22.07686	-2.635934	4.029601	2	2	5	5	6	5	1	3	9	5
7790	-26.20971	-22.70958	-3.500139	5.136513	2	2	5	5	6	5	1	3	9	5
7800	-25.05673	-22.04358	-3.013151	4.522135	2	2	5	5	6	5	1	3	9	5
7810	-24.82932	-21.9881	-2.84122	4.299785	2	2	5	5	6	5	1	3	9	5
7820	-25.18879	-22.10045	-3.088334	4.618378	2	2	5	5	6	5	1	3	9	5
7830	-26.17044	-22.68337	-3.487077	5.120287	2	2	5	5	6	5	1	3	9	5
7840	-26.14672	-22.6676	-3.479118	5.110394	2	2	5	5	6	5	1	3	9	5
7850	-24.7404	-22.01617	-2.724236	4.146501	2	2	5	5	6	5	1	3	9	5
7860	-24.76926	-22.30523	-2.464033	3.798689	2	2	5	5	6	5	1	3	9	5
7870	-25.16577	-22.08981	-3.07596	4.602576	2	2	5	5	6	5	1	3	9	5
7880	-25.89327	-22.50271	-3.39056	4.999998	2	2	5	5	6	5	1	3	9	5
7890	-25.81832	-22.45538	-3.362945	4.965448	2	2	5	5	6	5	1	3	9	5
7900	-25.32849	-23.17548	-2.153007	3.367042	2	2	5	5	6	5	1	3	9	5
7910	-24.80119	-21.98991	-2.81128	4.260718	2	2	5	5	6	5	1	3	9	5
7920	-26.89693	-25.08247	-1.814468	2.868128	2	2	5	5	6	5	1	3	9	5
7930	-25.51286	-23.41764	-2.095214	3.284398	2	2	5	5	6	5	1	3	9	5
7940	-25.33012	-23.17767	-2.152451	3.366251	2	2	5	5	6	5	1	3	9	5
7950	-24.76136	-22.28695	-2.47441	3.812764	2	2	5	5	6	5	1	3	9	5
7960	-25.46284	-23.35282	-2.110017	3.30565	2	2	5	5	6	5	1	3	9	5
7970	-24.72297	-22.04026	-2.682712	4.091664	2	2	5	5	6	5	1	3	9	5
7980	-24.77085	-22.3088	-2.462043	3.795988	2	2	5	5	6	5	1	3	9	5
7990	-24.81348	-21.98864	-2.82484	4.278425	2	2	5	5	6	5	1	3	9	5
8000	-24.87561	-22.50981	-2.365802	3.664491	2	2	5	5	6	5	1	3	9	5
8010	-25.45811	-23.34666	-2.111448	3.307702	2	2	5	5	6	5	1	3	9	5
8020	-24.7148	-22.13712	-2.577689	3.951881	2	2	5	5	6	5	1	3	9	5
8030	-24.73312	-22.2118	-2.521326	3.876174	2	2	5	5	6	5	1	3	9	5
8040	-25.39819	-22.20724	-3.19095	4.748853	2	2	5	5	6	5	1	3	9	5
8050	-24.93889	-22.00467	-2.934226	4.420473	2	2	5	5	6	5	1	3	9	5
8060	-24.72805	-22.19529	-2.532768	3.891584	2	2	5	5	6	5	1	3	9	5
8070	-24.71733	-22.0548	-2.662532	4.064928	2	2	5	5	6	5	1	3	9	5
8080	-24.7469	-22.0106	-2.7363	4.162389	2	2	5	5	6	5	1	3	9	5
8090	-24.89051	-22.5352	-2.355303	3.650042	2	2	5	5	6	5	1	3	9	5
8100	-24.718	-22.15503	-2.562964	3.93215	2	2	5	5	6	5	1	3	9	5
8110	-24.7364	-22.22174	-2.514662	3.86719	2	2	5	5	6	5	1	3	9	5
8120	-25.04065	-22.03746	-3.003187	4.509337	2	2	5	5	6	5	1	3	9	5
8130	-24.75044	-22.26016	-2.490285	3.834263	2	2	5	5	6	5	1	3	9	5
8140	-24.72229	-22.04171	-2.680585	4.088849	2	2	5	5	6	5	1	3	9	5
8150	-24.79613	-21.99068	-2.805452	4.253101	2	2	5	5	6	5	1	3	9	5
8160	-24.74528	-22.01189	-2.733392	4.158561	2	2	5	5	6	5	1	3	9	5
8170	-24.79985	-21.99009	-2.809754	4.258723	2	2	5	5	6	5	1	3	9	5
8180	-24.71728	-22.1514	-2.565878	3.936058	2	2	5	5	6	5	1	3	9	5
8190	-24.89453	-22.54198	-2.352552	3.646252	2	2	5	5	6	5	1	3	9	5
8200	-25.15898	-22.08672	-3.072256	4.597843	2	2	5	5	6	5	1	3	9	5
8210	-24.74889	-22.00911	-2.73978	4.166968	2	2	5	5	6	5	1	3	9	5
8220	-25.15552	-22.08516	-3.070362	4.595423	2	2	5	5	6	5	1	3	9	5
8230	-25.73118	-22.40132	-3.329867	4.923985	2	2	5	5	6	5	1	3	9	5
8240	-25.53995	-22.28705	-3.252907	4.827167	2	2	5	5	6	5	1	3	9	5
8250	-25.41159	-22.21457	-3.197024	4.756546	2	2	5	5	6	5	1	3	9	5
8260	-24.74633	-22.01105	-2.735275	4.16104	2	2	5	5	6	5	1	3	9	5
8270	-24.78778	-22.34544	-2.442342	3.769207	2	2	5	5	6	5	1	3	9	5
8280	-25.37729	-22.19592	-3.181375	4.73672	2	2	5	5	6	5	1	3	9	5
8290	-26.81669	-23.1291	-3.687598	5.368066	2	2	5	5	6	5	1	3	9	5
8300	-26.06968	-22.61677	-3.452912	5.077788	2	2	5	5	6	5	1	3	9	5
8310	-25.49132	-22.25913	-3.232192	4.80102	2	2	5	5	6	5	1	3	9	5
8320	-24.9121	-21.99825	-2.913846	4.394111	2	2	5	5	6	5	1	3	9	5
8330	-25.56292	-23.48196	-2.080956	3.263869	2	2	5	5	6	5	1	3	9	5
8340	-26.0427	-24.07745	-1.96525	3.095056	2	2	5	5	6	5	1	3	9	5
8350	-26.30211	-24.38828	-1.913833	3.018639	2	2	5	5	6	5	1	3	9	5
8360	-25.02296	-22.03099	-2.991974	4.494922	2	2	5	5	6	5	1	3	9	5
8370	-25.30886	-22.15976	-3.149097	4.695756	2	2	5	5	6	5	1	3	9	5
8380	-25.36712	-22.19045	-3.176671	4.730756	2	2	5	5	6	5	1	3	9	5
8390	-25.26971	-22.13979	-3.129918	4.67137	2	2	5	5	6	5	1	3	9	5
8400	-24.71712	-22.0555	-2.661617	4.063715	2	2	5	5	6	5	1	3	9	5
8410	-25.07367	-22.05024	-3.023431	4.535329	2	2	5	5	6	5	1	3	9	5
8420	-25.76654	-22.42312	-3.343422	4.940987	2	2	5	5	6	5	1	3	9	5
8430	-25.66733	-22.36244	-3.304889	4.892616	2	2	5	5	6	5	1	3	9	5
8440	-25.33709	-22.1745	-3.162595	4.712898	2	2	5	5	6	5	1	3	9	5
8450	-24.80691	-22.38419	-2.422718	3.742461	2	2	5	5	6	5	1	3	9	5
8460	-24.80796	-22.38626	-2.421701	3.741074	2	2	5	5	6	5	1	3	9	5
8470	-25.37255	-23.23422	-2.138335	3.346144	2	2	5	5	6	5	1	3	9	5
8480	-24.81324	-22.39654	-2.416697	3.734242	2	2	5	5	6	5	1	3	9	5
8490	-25.40373	-23.27542	-2.128306	3.331826	2	2	5	5	6	5	1	3	9	5
8500	-25.21725	-23.02418	-2.193069	3.423828	2	2	5	5	6	5	1	3	9	5
8510	-25.26045	-23.0835	-2.176946	3.401022	2	2	5	5	6	5	1	3	9	5
8520	-26.05439	-24.09159	-1.962797	3.091432	2	2	5	5	6	5	1	3	9	5
8530	-24.72257	-22.04111	-2.681463	4.09001	2	2	5	5	6	5	1	3	9	5
8540	-24.71168	-22.09218	-2.619493	4.007714	2	2	5	5	6	5	1	3	9	5
8550	-25.02985	-22.75542	-2.274432	3.537991	2	2	5	5	6	5	1	3	9	5
8560	-25.33336	-23.18201	-2.151353	3.364688	2	2	5	5	6	5	1	3	9	5
8570	-24.71397	-22.13128	-2.58269	3.958574	2	2	5	5	6	5	1	3	9	5
8580	-25.53025	-23.44005	-2.0902	3.277185	2	2	5	5	6	5	1	3	9	5
8590	-24.75034	-22.25991	-2.490438	3.834468	2	2	5	5	6	5	1	3	9	5
8600	-24.7178	-22.05329	-2.664512	4.067553	2	2	5	5	6	5	1	3	9	5
8610	-25.7875	-22.43613	-3.351371	4.95095	2	2	5	5	6	5	1	3	9	5
8620	-26.45461	-22.87585	-3.578763	5.233924	2	2	5	5	6	5	1	3	9	5
8630	-24.79456	-21.99095	-2.803612	4.250694	2	2	5	5	6	5	1	3	9	5
8640	-26.20246	-22.70472	-3.497735	5.133528	2	2	5	5	6	5	1	3	9	5
8650	-25.6535	-22.35411	-3.299389	4.885702	2	2	5	5	6	5	1	3	9	5
8660	-24.95599	-22.00933	-2.946664	4.436539	2	2	5	5	6	5	1	3	9	5
8670	-25.89954	-22.5067	-3.392835	5.002841	2	2	5	5	6	5	1	3	9	5
8680	-25.56886	-22.30388	-3.264978	4.842386	2	2	5	5	6	5	1	3	9	5
8690	-24.73788	-22.01868	-2.719194	4.139855	2	2	5	5	6	5	1	3	9	5
8700	-25.21347	-23.01895	-2.194518	3.425875	2	2	5	5	6	5	1	3	9	5
8710	-25.58537	-23.51064	-2.07473	3.254888	2	2	5	5	6	5	1	3	9	5
8720	-24.797	-21.99053	-2.806466	4.254426	2	2	5	5	6	5	1	3	9	5
8730	-24.71589	-22.05998	-2.655915	4.056148	2	2	5	5	6	5	1	3	9	5
8740	-25.92709	-22.5243	-3.402786	5.015274	2	2	5	5	6	5	1	3	9	5
8750	-25.09906	-22.06062	-3.038448	4.554582	2	2	5	5	6	5	1	3	9	5
8760	-25.11268	-22.06636	-3.04632	4.564665	2	2	5	5	6	5	1	3	9	5
8770	-25.76035	-22.41929	-3.341062	4.938029	2	2	5	5	6	5	1	3	9	5
8780	-24.90517	-21.99679	-2.908376	4.387028	2	2	5	5	6	5	1	3	9	5
8790	-24.74078	-22.23435	-2.506429	3.85608	2	2	5	5	6	5	1	3	9	5
8800	-26.02482	-24.05579	-1.969029	3.100637	2	2	5	5	6	5	1	3	9	5
8810	-24.7949	-21.99089	-2.804008	4.251213	2	2	5	5	6	5	1	3	9	5
8820	-25.55637	-22.29659	-3.259784	4.835839	2	2	5	5	6	5	1	3	9	5
8830	-24.76368	-22.2924	-2.471278	3.808518	2	2	5	5	6	5	1	3	9	5
8840	-25.4735	-23.36668	-2.106814	3.301056	2	2	5	5	6	5	1	3	9	5
8850	-25.9199	-23.92799	-1.991913	3.134328	2	2	5	5	6	5	1	3	9	5
8860	-24.74081	-22.23444	-2.506373	3.856005	2	2	5	5	6	5	1	3	9	5
8870	-25.80801	-22.44892	-3.359088	4.960619	2	2	5	5	6	5	1	3	9	5
8880	-27.57249	-23.67817	-3.894327	5.620801	2	2	5	5	6	5	1	3	9	5
8890	-24.94002	-22.00496	-2.935057	4.421546	2	2	5	5	6	5	1	3	9	5
8900	-24.78896	-22.34791	-2.441057	3.767457	2	2	5	5	6	5	1	3	9	5
8910	-26.4346	-22.86209	-3.572504	5.226186	2	2	5	5	6	5	1	3	9	5
8920	-24.73667	-22.01997	-2.716691	4.136555	2	2	5	5	6	5	1	3	9	5
8930	-25.91448	-22.51624	-3.398245	5.009601	2	2	5	5	6	5	1	3	9	5
8940	-24.71167	-22.09233	-2.61934	4.00751	2	2	5	5	6	5	1	3	9	5
8950	-24.89819	-22.54812	-2.350073	3.642835	2	2	5	5	6	5	1	3	9	5
8960	-24.81628	-22.40241	-2.413872	3.730383	2	2	5	5	6	5	1	3	9	5
8970	-24.71247	-22.11758	-2.594888	3.974884	2	2	5	5	6	5	1	3	9	5
8980	-24.75374	-22.26848	-2.485265	3.827469	2	2	5	5	6	5	1	3	9	5
8990	-26.69281	-24.84664	-1.846169	2.916582	2	2	5	5	6	5	1	3	9	5
9000	-25.13988	-22.91578	-2.2241	3.467548	2	2	5	5	6	5	1	3	9	5
9010	-24.72122	-22.1696	-2.551617	3.916923	2	2	5	5	6	5	1	3	9	5
9020	-24.79565	-22.36166	-2.433987	3.757828	2	2	5	5	6	5	1	3	9	5
9030	-26.57157	-22.95678	-3.614787	5.278413	2	2	5	5	6	5	1	3	9	5
9040	-25.38631	-22.20079	-3.185521	4.741975	2	2	5	5	6	5	1	3	9	5
9050	-25.84252	-22.47058	-3.37194	4.976708	2	2	5	5	6	5	1	3	9	5
9060	-25.00028	-22.02311	-2.977169	4.475869	2	2	5	5	6	5	1	3	9	5
9070	-25.30473	-22.15763	-3.147101	4.693219	2	2	5	5	6	5	1	3	9	5
9080	-24.7935	-21.99114	-2.802358	4.249054	2	2	5	5	6	5	1	3	9	5
9090	-24.88789	-21.99355	-2.894336	4.368832	2	2	5	5	6	5	1	3	9	5
9100	-25.13898	-22.07778	-3.061207	4.583718	2	2	5	5	6	5	1	3	9	5
9110	-25.50803	-22.26866	-3.239371	4.810086	2	2	5	5	6	5	1	3	9	5
9120	-25.1444	-22.08018	-3.064221	4.587572	2	2	5	5	6	5	1	3	9	5
9130	-25.1126	-22.06633	-3.046279	4.564612	2	2	5	5	6	5	1	3	9	5
9140	-26.01991	-22.58425	-3.435666	5.056302	2	2	5	5	6	5	1	3	9	5
9150	-24.89463	-21.99474	-2.899885	4.376026	2	2	5	5	6	5	1	3	9	5
9160	-24.89648	-21.99509	-2.90139	4.377977	2	2	5	5	6	5	1	3	9	5
9170	-24.77966	-22.32819	-2.451467	3.781619	2	2	5	5	6	5	1	3	9	5
9180	-25.69169	-23.64517	-2.04652	3.214053	2	2	5	5	6	5	1	3	9	5
9190	-25.14447	-22.92231	-2.222169	3.464833	2	2	5	5	6	5	1	3	9	5
9200	-24.72007	-22.0469	-2.673167	4.079025	2	2	5	5	6	5	1	3	9	5
9210	-25.67547	-22.36736	-3.308112	4.896666	2	2	5	5	6	5	1	3	9	5
9220	-25.4068	-22.21195	-3.194859	4.753804	2	2	5	5	6	5	1	3	9	5
9230	-25.79681	-22.44193	-3.354883	4.955351	2	2	5	5	6	5	1	3	9	5
9240	-25.96365	-22.5478	-3.415854	5.031591	2	2	5	5	6	5	1	3	9	5
9250	-26.28892	-22.76284	-3.526081	5.168702	2	2	5	5	6	5	1	3	9	5
9260	-24.71204	-22.11177	-2.600264	3.982065	2	2	5	5	6	5	1	3	9	5
9270	-25.15508	-22.08496	-3.070118	4.595111	2	2	5	5	6	5	1	3	9	5
9280	-24.80228	-21.98976	-2.812518	4.262336	2	2	5	5	6	5	1	3	9	5
9290	-25.18595	-22.09913	-3.086823	4.616448	2	2	5	5	6	5	1	3	9	5
9300	-24.72861	-22.0303	-2.69831	4.112291	2	2	5	5	6	5	1	3	9	5
9310	-25.29056	-22.15036	-3.140201	4.684449	2	2	5	5	6	5	1	3	9	5
9320	-25.03531	-22.03548	-2.999834	4.505028	2	2	5	5	6	5	1	3	9	5
9330	-24.72032	-22.04627	-2.674055	4.080201	2	2	5	5	6	5	1	3	9	5
9340	-24.71164	-22.0937	-2.617938	4.005642	2	2	5	5	6	5	1	3	9	5
9350	-26.56493	-22.95216	-3.612766	5.275919	2	2	5	5	6	5	1	3	9	5
9360	-25.04103	-22.03761	-3.003428	4.509647	2	2	5	5	6	5	1	3	9	5
9370	-25.49814	-22.26301	-3.235131	4.804733	2	2	5	5	6	5	1	3	9	5
9380	-26.30778	-22.7756	-3.532182	5.176266	2	2	5	5	6	5	1	3	9	5
9390	-24.79198	-21.99143	-2.800547	4.246686	2	2	5	5	6	5	1	3	9	5
9400	-25.71448	-23.67376	-2.040725	3.205635	2	2	5	5	6	5	1	3	9	5
9410	-24.9526	-22.63655	-2.316046	3.595817	2	2	5	5	6	5	1	3	9	5
9420	-25.09569	-22.05921	-3.036478	4.552058	2	2	5	5	6	5	1	3	9	5
9430	-24.87804	-21.99199	-2.886053	4.358086	2	2	5	5	6	5	1	3	9	5
9440	-24.77581	-22.31982	-2.455991	3.787768	2	2	5	5	6	5	1	3	9	5
9450	-25.08051	-22.05299	-3.027523	4.540578	2	2	5	5	6	5	1	3	9	5
9460	-24.71585	-22.14359	-2.57226	3.94461	2	2	5	5	6	5	1	3	9	5
9470	-24.73483	-22.21704	-2.517793	3.871412	2	2	5	5	6	5	1	3	9	5
9480	-25.42074	-23.29779	-2.122948	3.324167	2	2	5	5	6	5	1	3	9	5
9490	-24.72468	-22.03691	-2.687768	4.098353	2	2	5	5	6	5	1	3	9	5
9500	-24.77839	-22.32544	-2.452947	3.783631	2	2	5	5	6	5	1	3	9	5
9510	-25.10171	-22.06172	-3.039989	4.556556	2	2	5	5	6	5	1	3	9	5
9520	-24.72039	-22.16608	-2.554314	3.920544	2	2	5	5	6	5	1	3	9	5
9530	-25.4693	-23.36123	-2.10807	3.302859	2	2	5	5	6	5	1	3	9	5
9540	-24.72992	-22.20155	-2.52837	3.885663	2	2	5	5	6	5	1	3	9	5
9550	-24.7136	-22.12842	-2.585185	3.961911	2	2	5	5	6	5	1	3	9	5
9560	-25.14924	-22.92906	-2.22018	3.462038	2	2	5	5	6	5	1	3	9	5
9570	-25.1567	-22.93961	-2.217092	3.457693	2	2	5	5	6	5	1	3	9	5
9580	-24.76212	-22.28875	-2.473369	3.811354	2	2	5	5	6	5	1	3	9	5
9590	-24.83225	-21.98812	-2.844139	4.303588	2	2	5	5	6	5	1	3	9	5
9600	-25.07896	-22.05236	-3.0266	4.539393	2	2	5	5	6	5	1	3	9	5
9610	-24.93929	-22.61535	-2.323941	3.606748	2	2	5	5	6	5	1	3	9	5
9620	-24.8378	-21.98823	-2.849564	4.310654	2	2	5	5	6	5	1	3	9	5
9630	-25.58585	-22.31385	-3.271995	4.851227	2	2	5	5	6	5	1	3	9	5
9640	-24.76693	-21.99899	-2.767943	4.203972	2	2	5	5	6	5	1	3	9	5
9650	-24.87143	-22.50259	-2.368842	3.668672	2	2	5	5	6	5	1	3	9	5
9660	-24.89916	-22.54973	-2.349427	3.641944	2	2	5	5	6	5	1	3	9	5
9670	-24.84314	-21.98845	-2.854694	4.317332	2	2	5	5	6	5	1	3	9	5
9680	-24.78027	-22.3295	-2.450764	3.780663	2	2	5	5	6	5	1	3	9	5
9690	-25.39707	-23.26664	-2.130425	3.334854	2	2	5	5	6	5	1	3	9	5
9700	-24.71658	-22.14767	-2.568908	3.940119	2	2	5	5	6	5	1	3	9	5
9710	-25.40248	-23.27378	-2.128702	3.332393	2	2	5	5	6	5	1	3	9	5
9720	-26.27207	-24.35259	-1.919486	3.027086	2	2	5	5	6	5	1	3	9	5
9730	-24.80528	-22.38097	-2.424305	3.744627	2	2	5	5	6	5	1	3	9	5
9740	-25.00726	-22.72131	-2.28595	3.554033	2	2	5	5	6	5	1	3	9	5
9750	-24.81841	-22.4065	-2.411918	3.727713	2	2	5	5	6	5	1	3	9	5
9760	-24.75191	-22.00703	-2.744886	4.173686	2	2	5	5	6	5	1	3	9	5
9770	-25.7512	-22.41364	-3.337565	4.933643	2	2	5	5	6	5	1	3	9	5
9780	-25.34511	-22.17873	-3.166382	4.717705	2	2	5	5	6	5	1	3	9	5
9790	-24.71346	-22.12725	-2.586207	3.963278	2	2	5	5	6	5	1	3	9	5
9800	-26.8348	-25.01091	-1.823887	2.88257	2	2	5	5	6	5	1	3	9	5
9810	-25.95347	-23.96901	-1.984456	3.123369	2	2	5	5	6	5	1	3	9	5
9820	-25.20721	-23.01027	-2.196932	3.429284	2	2	5	5	6	5	1	3	9	5
9830	-25.99275	-24.01686	-1.975894	3.110761	2	2	5	5	6	5	1	3	9	5
9840	-25.09417	-22.85019	-2.243984	3.495444	2	2	5	5	6	5	1	3	9	5
9850	-24.71632	-22.14623	-2.570082	3.941693	2	2	5	5	6	5	1	3	9	5
9860	-26.71592	-24.87345	-1.842468	2.910945	2	2	5	5	6	5	1	3	9	5
9870	-24.7118	-22.08882	-2.62298	4.01236	2	2	5	5	6	5	1	3	9	5
9880	-24.91423	-22.5747	-2.339532	3.628295	2	2	5	5	6	5	1	3	9	5
9890	-25.00953	-22.02627	-2.983268	4.483721	2	2	5	5	6	5	1	3	9	5
9900	-24.87814	-21.992	-2.886135	4.358193	2	2	5	5	6	5	1	3	9	5
9910	-25.33874	-22.17537	-3.163375	4.713889	2	2	5	5	6	5	1	3	9	5
9920	-24.71551	-22.06151	-2.654001	4.053608	2	2	5	5	6	5	1	3	9	5
9930	-25.89365	-22.50295	-3.390696	5.000168	2	2	5	5	6	5	1	3	9	5
9940	-24.71266	-22.078	-2.634665	4.027914	2	2	5	5	6	5	1	3	9	5
9950	-24.73168	-22.02596	-2.705715	4.122071	2	2	5	5	6	5	1	3	9	5
9960	-27.29415	-25.53573	-1.758419	2.781359	2	2	5	5	6	5	1	3	9	5
9970	-25.13743	-22.9123	-2.225132	3.468998	2	2	5	5	6	5	1	3	9	5
9980	-24.77179	-21.99704	-2.774747	4.212898	2	2	5	5	6	5	1	3	9	5
9990	-24.72862	-22.19721	-2.531411	3.889758	2	2	5	5	6	5	1	3	9	5
10000	-26.0689	-24.10913	-1.959771	3.086957	2	2	5	5	6	5	1	3	9	5
