Iteration	Posterior	Likelihood	Prior	r1	r2
0	-98.89659	-98.48881	-0.4077885	0.1833866	0.7136548
200	-103.0233	-99.16713	-3.856188	0.4322265	2.189015
400	-103.7007	-98.80998	-4.890703	0.5464468	2.592052
600	-102.3558	-98.80035	-3.555441	0.4309636	2.039904
800	-101.5544	-101.386	-0.1683973	0.1048246	0.6725212
1000	-99.55206	-98.46514	-1.086919	0.2483759	0.988231
1200	-99.59353	-98.97622	-0.6173086	0.1696935	0.832108
1400	-100.5116	-99.64707	-0.8645582	0.2738174	0.8516089
1600	-100.551	-98.87856	-1.672425	0.3427316	1.186628
1800	-99.63236	-98.78353	-0.8488229	0.2467475	0.8708111
2000	-100.8779	-98.85653	-2.021329	0.3805778	1.323234
2200	-100.5793	-98.57622	-2.003069	0.3580988	1.336583
2400	-98.63544	-98.88585	0.2504158	0.1274116	0.4405277
2600	-98.88819	-98.45719	-0.4309969	0.1786676	0.729978
2800	-103.9313	-99.23066	-4.700636	0.7122491	2.331216
3000	-100.914	-100.234	-0.6799793	0.1524027	0.8807342
3200	-98.2955	-99.07388	0.7783848	0.05075848	0.2531963
3400	-101.6218	-100.4188	-1.203038	0.332956	0.9617103
3600	-104.3337	-103.8156	-0.518095	0.2855556	0.6666391
3800	-98.79253	-98.46654	-0.3259913	0.1722176	0.6839253
4000	-98.14346	-98.73783	0.5943689	0.06990106	0.3260617
4200	-99.7775	-100.091	0.3135429	0.1349825	0.4013932
4400	-98.98814	-98.47354	-0.5145979	0.1923796	0.7580665
4600	-100.3922	-98.45808	-1.934124	0.3296271	1.330582
4800	-100.6115	-99.69308	-0.9184281	0.2814371	0.8709242
5000	-102.2288	-98.9985	-3.230353	0.3896955	1.918628
5200	-98.21008	-99.30486	1.094774	0.03437344	0.1113866
5400	-98.6432	-99.37884	0.735636	0.07727942	0.2480497
5600	-98.32566	-98.59027	0.2646131	0.1189705	0.4418701
5800	-98.97206	-98.46273	-0.5093312	0.1840495	0.7637633
6000	-98.6984	-98.55857	-0.1398272	0.1603997	0.6026611
6200	-99.12437	-98.48277	-0.6415919	0.2065494	0.8073937
6400	-98.401	-99.42906	1.028059	0.04275074	0.1363671
6600	-102.8471	-99.54128	-3.305803	0.5656538	1.780395
6800	-98.18113	-98.80203	0.6209087	0.08475443	0.2979384
7000	-97.94866	-98.45721	0.5085493	0.08681704	0.3520555
7200	-101.0207	-100.9035	-0.1171157	0.1050141	0.6466909
7400	-99.67881	-99.51745	-0.161357	0.1861841	0.5876416
7600	-98.87126	-99.88054	1.009276	0.02872197	0.1597874
7800	-99.7409	-98.46746	-1.273441	0.2568341	1.073034
8000	-101.7497	-99.64233	-2.107385	0.4248398	1.322
8200	-98.95447	-98.46259	-0.491883	0.1880318	0.7510569
8400	-102.9455	-98.73121	-4.214303	0.6126256	2.187673
8600	-97.87338	-98.78723	0.9138462	0.05218856	0.1840355
8800	-98.833	-98.45876	-0.3742332	0.1750938	0.70517
9000	-99.31824	-98.87683	-0.4414063	0.2047432	0.7091071
9200	-101.6827	-99.39202	-2.29073	0.2948746	1.543638
9400	-98.56106	-98.56746	0.006397248	0.1454215	0.5445271
9600	-101.2514	-99.10984	-2.141557	0.2931018	1.470824
9800	-99.26627	-99.26211	-0.004158979	0.1132565	0.5819701
10000	-100.7265	-99.66876	-1.057761	0.2978561	0.9241714
10200	-98.65464	-98.45763	-0.1970066	0.155317	0.6363335
10400	-100.3073	-98.89602	-1.411285	0.3142658	1.084524
10600	-99.18051	-98.51201	-0.668505	0.2124006	0.814999
10800	-98.08782	-98.76022	0.6723997	0.06273356	0.2942138
11000	-98.78689	-98.73133	-0.05556352	0.1274375	0.5934915
11200	-103.64	-101.7019	-1.938118	0.2193056	1.442901
11400	-98.07747	-98.65714	0.5796672	0.07246669	0.3308469
11600	-99.12745	-99.85391	0.7264618	0.05039669	0.2795196
11800	-98.24554	-98.47458	0.2290403	0.1110538	0.4675733
12000	-98.99663	-98.66843	-0.3282031	0.153621	0.7036277
12200	-100.1307	-98.72423	-1.406484	0.2471989	1.14919
12400	-98.68111	-98.69315	0.01203928	0.1224498	0.5646777
12600	-99.26143	-99.90709	0.6456579	0.05627971	0.3140385
12800	-99.19831	-98.49597	-0.7023438	0.2143091	0.83001
13000	-102.2377	-98.5966	-3.641138	0.458779	2.054937
13200	-99.40273	-98.52827	-0.874465	0.2351972	0.8951824
13400	-98.34755	-98.45864	0.1110903	0.1267888	0.5108133
13600	-98.96966	-98.9539	-0.01575465	0.1191527	0.5818718
13800	-99.28085	-98.83095	-0.4498955	0.1592501	0.7588448
14000	-99.08193	-98.51003	-0.5719046	0.2022436	0.7768558
14200	-99.61128	-98.76636	-0.8449149	0.2455968	0.8700079
14400	-102.1963	-99.1187	-3.077595	0.3704229	1.861522
14600	-101.4268	-98.52397	-2.902816	0.4454949	1.69906
14800	-99.02396	-98.45719	-0.5667687	0.1931459	0.7833856
15000	-97.53326	-98.4923	0.9590392	0.04053497	0.1730926
15200	-102.5249	-98.4665	-4.058366	0.5262741	2.196056
15400	-98.65346	-98.89225	0.2387884	0.128835	0.444918
15600	-100.492	-98.58492	-1.907092	0.3488045	1.297889
15800	-98.27238	-99.38161	1.109226	0.0329165	0.1056179
16000	-98.8562	-99.25586	0.3996596	0.1157542	0.3775632
16200	-97.86858	-98.47885	0.6102633	0.07423725	0.3137783
16400	-98.14247	-98.46479	0.3223192	0.1068098	0.4251778
16600	-98.93977	-98.60809	-0.331678	0.1830611	0.675925
16800	-102.3302	-99.29292	-3.037319	0.3589525	1.852854
17000	-97.71924	-99.0016	1.282361	0.01184317	0.04012332
17200	-99.21251	-100.0019	0.7893625	0.04495715	0.2535088
17400	-100.0091	-98.79535	-1.213759	0.2875995	1.012427
17600	-99.68391	-100.4527	0.7687811	0.07957337	0.2291832
17800	-99.97668	-99.20538	-0.7713026	0.1770056	0.9017929
18000	-98.02709	-98.89923	0.8721446	0.04407678	0.2129981
18200	-99.64995	-98.57688	-1.073064	0.2598894	0.9697897
18400	-97.97379	-98.84127	0.867486	0.05780811	0.2015961
18600	-101.0852	-99.4369	-1.648284	0.3624014	1.154888
18800	-99.53263	-98.88354	-0.6490918	0.2282326	0.7894605
19000	-97.50025	-98.50753	1.007288	0.03568274	0.1538203
19200	-101.184	-98.59769	-2.586286	0.3624065	1.623883
19400	-99.21896	-98.45822	-0.7607363	0.2132309	0.8602844
19600	-98.58045	-98.51662	-0.063824	0.1359759	0.5890833
19800	-98.21014	-98.96705	0.7569047	0.05338026	0.2613146
20000	-98.6085	-98.76695	0.1584448	0.1351672	0.4787576
20200	-97.97239	-98.46041	0.4880173	0.08752404	0.3616145
20400	-99.12319	-98.54941	-0.5737817	0.2054131	0.7746249
20600	-97.22343	-98.47748	1.254059	0.0134219	0.05269597
20800	-100.3152	-98.8675	-1.447731	0.3170364	1.099976
21000	-98.84938	-98.53492	-0.3144583	0.1773643	0.6730121
21200	-98.45306	-98.78305	0.3299862	0.1166025	0.4115516
21400	-99.19745	-99.12087	-0.07657994	0.1213565	0.6100806
21600	-99.88555	-99.68762	-0.1979327	0.1933687	0.5987448
21800	-103.7457	-99.5514	-4.194337	0.439621	2.350695
22000	-101.5565	-98.91392	-2.642606	0.3445648	1.669885
22200	-99.07179	-98.57728	-0.4945166	0.1987743	0.7416312
22400	-102.2367	-101.0746	-1.162148	0.3403409	0.9338802
22600	-98.8688	-98.5174	-0.3514002	0.1628876	0.7059597
22800	-102.4155	-100.584	-1.831566	0.4179985	1.190932
23000	-101.1694	-98.48548	-2.683952	0.4152553	1.619868
23200	-100.9253	-98.54501	-2.380248	0.3941586	1.489113
23400	-97.78038	-98.48979	0.7094106	0.0692272	0.2692147
23600	-99.70914	-98.65251	-1.056626	0.2197128	1.001748
23800	-98.51582	-98.87915	0.3633325	0.08798768	0.4234933
24000	-102.3769	-99.65826	-2.718644	0.4998331	1.552636
24200	-99.22501	-98.6225	-0.602507	0.1802178	0.8141828
24400	-98.02746	-98.45843	0.4309689	0.09493077	0.382732
24600	-98.05795	-98.48167	0.4237207	0.09797447	0.3833124
24800	-98.62784	-98.7592	0.1313573	0.1379633	0.4895052
25000	-99.01871	-100.2355	1.216765	0.0215425	0.06322213
25200	-98.13571	-98.50753	0.371821	0.1046612	0.4025755
25400	-106.8808	-101.618	-5.262812	0.9125913	2.411962
25600	-98.05454	-98.65165	0.5971029	0.08495858	0.3096372
25800	-102.6564	-99.22594	-3.430416	0.5633352	1.84502
26000	-98.06838	-98.46644	0.3980611	0.0993838	0.3947328
26200	-99.77612	-98.46	-1.316121	0.2635053	1.087702
26400	-97.16875	-98.47506	1.306316	0.007672187	0.03231722
26600	-99.84008	-98.48232	-1.357763	0.2794152	1.092614
26800	-101.3098	-100.3988	-0.910998	0.2950307	0.8536154
27000	-97.85048	-98.50063	0.6501492	0.07570657	0.292366
27200	-101.2129	-98.79561	-2.41727	0.3319955	1.569787
27400	-99.39204	-99.07441	-0.3176217	0.1959155	0.6560425
27600	-97.80881	-98.56859	0.759784	0.06604728	0.2472079
27800	-97.52797	-98.50063	0.9726615	0.03907187	0.1677446
28000	-98.03178	-98.45898	0.4272048	0.09543464	0.3841101
28200	-98.34006	-98.60908	0.2690262	0.1016046	0.4570295
28400	-98.84463	-98.70272	-0.1419097	0.1662639	0.5978381
28600	-98.17761	-98.45698	0.2793728	0.1091473	0.4443135
28800	-99.02728	-98.62993	-0.3973541	0.1910693	0.700755
29000	-98.92513	-99.24856	0.3234231	0.0867204	0.4447152
29200	-100.6367	-98.89731	-1.73935	0.3511838	1.211638
29400	-98.46322	-98.54842	0.08519709	0.1205268	0.5300218
29600	-98.77232	-98.54267	-0.2296543	0.1689721	0.6390022
29800	-98.40156	-98.45699	0.05543698	0.131144	0.5342847
30000	-101.3956	-98.72157	-2.674028	0.4433461	1.586815
30200	-99.27242	-98.78417	-0.4882475	0.2069636	0.7303073
30400	-98.79077	-98.4671	-0.3236751	0.1651823	0.6898025
30600	-99.63928	-98.60966	-1.029611	0.2575321	0.9504204
30800	-97.38407	-98.51639	1.132324	0.02630028	0.1006851
31000	-100.9157	-99.45683	-1.45887	0.226481	1.196101
31200	-100.0797	-98.47737	-1.602312	0.2861983	1.208105
31400	-98.35407	-98.50075	0.1466816	0.1274914	0.492315
31600	-98.09805	-98.47231	0.374255	0.09729645	0.4087232
31800	-98.71282	-99.19116	0.4783349	0.07462413	0.3793556
32000	-99.35731	-99.71888	0.361569	0.1253948	0.3869679
32200	-99.08515	-98.61138	-0.4737671	0.1690493	0.7609815
32400	-102.0246	-99.29713	-2.727463	0.3336382	1.723241
32600	-101.5247	-98.45883	-3.065921	0.4351914	1.790917
32800	-100.147	-99.06897	-1.078053	0.2831649	0.949009
33000	-98.70681	-99.31404	0.6072327	0.09194455	0.2975863
33200	-98.7921	-99.28222	0.490116	0.1054273	0.3426619
33400	-101.1895	-99.05375	-2.135705	0.2949133	1.466087
33600	-100.2747	-100.4544	0.1796159	0.1555099	0.4478294
33800	-97.70184	-98.60207	0.9002321	0.04428774	0.1987434
34000	-98.47281	-98.49085	0.01803344	0.1299161	0.5542143
34200	-97.48274	-98.51849	1.035746	0.03284446	0.1424295
34400	-100.47	-98.47694	-1.993083	0.342875	1.346813
34600	-99.24363	-98.47062	-0.7730135	0.2180097	0.8616443
34800	-97.79695	-98.88553	1.08858	0.03339305	0.115464
35000	-102.6314	-98.68288	-3.948495	0.578117	2.089277
35200	-98.80957	-99.23149	0.4219176	0.07885318	0.4033352
35400	-99.37472	-98.46964	-0.9050781	0.231146	0.9145403
35600	-100.5697	-99.11136	-1.45836	0.2362911	1.186036
35800	-99.81144	-98.60239	-1.209049	0.2364548	1.061217
36000	-99.79963	-98.7337	-1.065931	0.2683612	0.9577514
36200	-99.02498	-98.86414	-0.1608404	0.1334106	0.6401568
36400	-100.0412	-98.47702	-1.564204	0.299378	1.175871
36600	-100.2079	-98.56497	-1.642942	0.2790712	1.235547
36800	-97.78641	-98.54976	0.7633522	0.06529095	0.2461801
37000	-100.1572	-98.46874	-1.688512	0.2965458	1.240857
37200	-97.83695	-98.74702	0.910073	0.04195718	0.1961535
37400	-97.92492	-98.60892	0.6839941	0.0748502	0.2763
37600	-98.52608	-99.16797	0.6418877	0.0865167	0.2856866
37800	-100.1399	-100.4454	0.3054244	0.07829949	0.4621355
38000	-102.8035	-100.3007	-2.502863	0.4963312	1.448247
38200	-99.9917	-98.54337	-1.448328	0.296473	1.120838
38400	-101.8839	-99.17167	-2.712187	0.3377058	1.711535
38600	-97.32757	-98.62779	1.300225	0.007788643	0.03524613
38800	-97.98287	-98.66217	0.6793086	0.06343936	0.2900535
39000	-100.5092	-98.46007	-2.049127	0.3425964	1.375114
39200	-102.156	-101.6127	-0.5432488	0.1280638	0.8367078
39400	-101.588	-98.99878	-2.589174	0.3355587	1.652175
39600	-97.34229	-98.54785	1.205567	0.01674492	0.07361869
39800	-98.74417	-98.55729	-0.1868733	0.1452922	0.6412916
40000	-99.01948	-98.56822	-0.4512616	0.1691117	0.7496663
40200	-102.46	-98.67511	-3.784927	0.4626357	2.122975
40400	-98.32364	-98.55665	0.2330096	0.1065361	0.4701063
40600	-99.20389	-98.57254	-0.6313476	0.1854344	0.8233866
40800	-98.65017	-99.52682	0.8766481	0.06136195	0.1934612
41000	-100.179	-98.78714	-1.391827	0.2428732	1.146187
41200	-98.77354	-98.53014	-0.2434042	0.1696619	0.6451874
41400	-100.1137	-98.50706	-1.606668	0.2818439	1.214637
41600	-98.77695	-98.49158	-0.2853701	0.1586586	0.6771736
41800	-102.9077	-99.12862	-3.779122	0.4280617	2.154647
42000	-98.00297	-98.45786	0.4548945	0.09239644	0.3733035
42200	-102.6473	-99.68969	-2.957647	0.3372563	1.834714
42400	-99.52015	-98.67241	-0.8477438	0.2415741	0.875445
42600	-98.66177	-98.61107	-0.05069968	0.1306102	0.5878868
42800	-102.9509	-102.7349	-0.216063	0.09895449	0.7022242
43000	-99.76593	-99.08371	-0.6822189	0.2381	0.7961566
43200	-98.3593	-98.56917	0.2098752	0.1240403	0.4641693
43400	-99.37847	-98.87856	-0.4999083	0.1622535	0.7808478
43600	-98.07042	-98.45943	0.3890088	0.0993303	0.3993125
43800	-99.58899	-98.56504	-1.023949	0.2220407	0.9830812
44000	-100.3905	-99.82293	-0.5675832	0.1496845	0.8272543
44200	-100.573	-98.63124	-1.941732	0.3008963	1.363117
44400	-98.37051	-98.65243	0.281914	0.09932848	0.4528617
44600	-97.9809	-98.47162	0.4907175	0.0861497	0.3616388
44800	-99.49681	-99.31554	-0.181262	0.1850302	0.598748
45000	-99.63908	-99.58748	-0.05159636	0.1740408	0.5449045
45200	-97.63929	-98.45705	0.8177667	0.05615574	0.2281081
45400	-100.2127	-98.51766	-1.694992	0.2888011	1.251842
45600	-101.1342	-98.76177	-2.372439	0.4134068	1.46596
45800	-99.26065	-99.0734	-0.1872474	0.1313945	0.6553764
46000	-100.0647	-100.4098	0.3450857	0.07565101	0.4449533
46200	-98.35566	-98.54361	0.187951	0.1111962	0.4879755
46400	-103.3059	-99.00864	-4.297272	0.4790339	2.362749
46600	-100.1937	-99.05165	-1.142003	0.2899052	0.9742436
46800	-104.0136	-101.086	-2.927581	0.5764626	1.580475
47000	-99.32208	-98.92196	-0.4001208	0.2014134	0.6917942
47200	-100.9983	-98.97599	-2.022348	0.2887024	1.415619
47400	-100.614	-99.33198	-1.282067	0.2155042	1.118677
47600	-100.028	-99.73207	-0.2959634	0.2060752	0.6350537
47800	-99.40705	-98.52372	-0.8833349	0.2121945	0.9226201
48000	-97.70627	-98.92358	1.217307	0.01442998	0.07006373
48200	-98.05329	-98.95334	0.9000502	0.0413269	0.2017952
48400	-98.16921	-98.46381	0.2946014	0.1058457	0.4400008
48600	-97.26218	-98.5611	1.298919	0.008059589	0.03562812
48800	-100.7968	-98.81915	-1.977625	0.3735288	1.308431
49000	-102.3296	-99.6092	-2.720422	0.4979949	1.555363
49200	-100.6492	-98.51763	-2.131597	0.3644828	1.394463
49400	-101.5941	-99.84968	-1.744438	0.3870586	1.178307
49600	-98.98626	-99.02185	0.0355831	0.1136229	0.5617328
49800	-98.48856	-98.64893	0.1603703	0.1318948	0.4810672
50000	-98.84936	-99.19807	0.3487136	0.08520143	0.4335889
50200	-105.6571	-99.10348	-6.553652	0.6602436	3.309729
50400	-101.2353	-100.7406	-0.4947408	0.2466068	0.6939107
50600	-99.26133	-98.59596	-0.6653736	0.1872592	0.8385748
50800	-100.9201	-98.97353	-1.946568	0.2823896	1.384041
51000	-100.5087	-98.47914	-2.029514	0.3266998	1.381205
51200	-100.0877	-99.2771	-0.8105642	0.2583054	0.8401239
51400	-99.43174	-99.43676	0.0050228	0.1649548	0.5256809
51600	-100.6859	-99.6741	-1.011797	0.1864824	1.012563
51800	-99.64038	-99.72987	0.08949009	0.1588293	0.4895728
52000	-97.95288	-98.55848	0.6055979	0.07207414	0.3182741
52200	-99.04469	-98.54096	-0.5037227	0.1975159	0.7474926
52400	-103.425	-101.1068	-2.318219	0.4955788	1.356678
52600	-98.38796	-98.97115	0.5831887	0.06807091	0.3334819
52800	-98.14219	-98.49546	0.3532654	0.1059687	0.4105458
53000	-100.0372	-99.80765	-0.2295695	0.1991266	0.6088053
53200	-100.0018	-98.63045	-1.371327	0.2493742	1.129436
53400	-99.49968	-98.47955	-1.020131	0.2445962	0.9586163
53600	-102.382	-98.45714	-3.924825	0.5223882	2.133171
53800	-99.77963	-98.55406	-1.225562	0.2414825	1.064446
54000	-99.24718	-99.29926	0.05208084	0.1081807	0.558926
54200	-99.35773	-99.85963	0.501898	0.1094226	0.3327756
54400	-100.3235	-98.87532	-1.448133	0.3174488	1.099765
54600	-99.03241	-98.47937	-0.5530406	0.1854553	0.7842122
54800	-97.62593	-98.63936	1.013436	0.04002888	0.1464005
55000	-102.0158	-102.374	0.3582197	0.06491695	0.4491204
55200	-99.50406	-98.71631	-0.7877535	0.1927515	0.8942724
55400	-99.88262	-98.83649	-1.046137	0.2107554	1.00546
55600	-100.0046	-98.4691	-1.535501	0.2945956	1.166302
55800	-98.23052	-98.85763	0.6271072	0.08480329	0.2947903
56000	-98.28625	-98.45748	0.1712239	0.1192719	0.4882634
56200	-100.092	-98.49158	-1.600421	0.2834715	1.209886
56400	-99.43135	-98.62412	-0.8072318	0.1986857	0.8980774
56600	-99.78823	-99.79602	0.007790059	0.1058857	0.5833664
56800	-101.159	-98.80986	-2.349174	0.3251997	1.542534
57000	-100.031	-98.96774	-1.063224	0.2778967	0.9468626
57200	-99.09985	-98.66115	-0.4386983	0.1968723	0.715624
57400	-98.80289	-98.64235	-0.1605439	0.1394655	0.6339536
57600	-98.43308	-98.58627	0.1531985	0.1306464	0.4859015
57800	-101.0099	-99.18967	-1.820238	0.3735593	1.229707
58000	-98.90102	-98.50879	-0.3922299	0.167348	0.7219142
58200	-98.09461	-98.67077	0.5761549	0.07255023	0.3325195
58400	-98.98622	-98.5029	-0.4833169	0.1764074	0.7583982
58600	-98.38516	-98.48145	0.09628753	0.1231875	0.5218159
58800	-102.455	-99.65345	-2.801575	0.3263573	1.767577
59000	-97.79329	-98.604	0.8107104	0.05241659	0.2353754
59200	-98.19412	-98.49429	0.3001637	0.1113491	0.4317162
59400	-99.22137	-99.22316	0.001795472	0.1133244	0.5789251
59600	-100.1681	-98.5936	-1.574509	0.3143151	1.166087
59800	-98.98494	-99.61648	0.6315486	0.0590446	0.3183283
60000	-100.991	-98.8763	-2.114657	0.3921542	1.358321
60200	-97.74423	-98.51049	0.7662647	0.06404986	0.245965
60400	-97.67106	-98.47471	0.8036478	0.05901932	0.232304
60600	-98.93567	-98.45864	-0.4770314	0.1852593	0.7464036
60800	-97.53712	-98.70239	1.165278	0.0196535	0.09085445
61000	-98.40651	-99.16902	0.7625107	0.05141625	0.2604756
61200	-103.5407	-101.4789	-2.061799	0.4700842	1.253963
61400	-101.4648	-99.11192	-2.352909	0.3105731	1.559029
61600	-99.28593	-98.48669	-0.7992413	0.2080181	0.8847498
61800	-98.63595	-99.68104	1.045093	0.04162419	0.1289767
62000	-98.06304	-98.67065	0.6076151	0.06973476	0.3196049
62200	-98.47386	-99.00601	0.5321558	0.07201822	0.3550511
62400	-97.51915	-98.47827	0.9591203	0.0433818	0.1702052
62600	-97.92615	-98.95021	1.02406	0.03080201	0.1503151
62800	-98.6586	-98.74141	0.08281333	0.1149715	0.5367691
63000	-98.1448	-98.52214	0.3773464	0.09439002	0.410084
63200	-98.01562	-98.53541	0.519793	0.0806448	0.3526059
63400	-98.60528	-99.5931	0.9878251	0.03124993	0.1679847
63600	-102.6098	-98.56994	-4.039904	0.5722603	2.140839
63800	-98.14321	-98.82679	0.6835817	0.07812338	0.273233
64000	-97.83849	-98.51475	0.6762626	0.0734788	0.2815371
64200	-99.14647	-99.32388	0.1774075	0.09772782	0.5067156
64400	-97.67355	-98.61209	0.938537	0.04775919	0.1761195
64600	-99.94206	-98.48398	-1.458071	0.2899275	1.132255
64800	-99.02394	-98.71397	-0.3099677	0.1849487	0.6631823
65000	-100.3576	-99.89992	-0.4576589	0.2288394	0.6931373
65200	-99.2425	-99.61803	0.3755263	0.07906064	0.4263234
65400	-99.77852	-98.79957	-0.9789581	0.2618089	0.9208174
65600	-105.1852	-100.0846	-5.10059	0.8158644	2.427578
65800	-99.65696	-98.66686	-0.9901024	0.2566678	0.9315306
66000	-99.54844	-99.07575	-0.4726891	0.2137791	0.7157126
66200	-98.00697	-98.74963	0.7426583	0.07063972	0.2511783
66400	-101.0267	-98.82877	-2.197936	0.3109753	1.48114
66600	-98.67158	-98.96537	0.2937915	0.09268194	0.4535695
66800	-99.79558	-100.712	0.9164115	0.06150069	0.1734407
67000	-102.3991	-99.00805	-3.391074	0.5448296	1.843855
67200	-98.41303	-99.26949	0.8564649	0.06224842	0.2026663
67400	-99.68441	-98.46293	-1.221479	0.2531238	1.050763
67600	-98.63044	-99.14729	0.5168551	0.1008155	0.3339042
67800	-99.22889	-98.823	-0.4058932	0.1556539	0.7404398
68000	-97.65558	-98.4722	0.8166106	0.05477389	0.230068
68200	-97.70238	-98.70888	1.006494	0.04137046	0.1485299
68400	-98.14871	-98.58908	0.4403694	0.08650666	0.3864558
68600	-101.3789	-98.66048	-2.718454	0.442738	1.609636
68800	-98.62681	-98.62071	-0.006106316	0.1262335	0.5699669
69000	-97.35497	-98.58329	1.228324	0.01672327	0.06226197
69200	-102.0861	-98.69378	-3.392303	0.5189819	1.870317
69400	-103.2522	-101.7052	-1.546992	0.1934605	1.273183
69600	-97.88087	-98.4652	0.5843279	0.07762791	0.3233553
69800	-97.77327	-98.70717	0.9338996	0.04018722	0.1860102
70000	-103.2428	-99.02169	-4.221082	0.4717073	2.331981
70200	-98.48843	-98.46933	-0.01909484	0.135465	0.5672296
70400	-101.7829	-99.64503	-2.137865	0.2748756	1.487204
70600	-101.4503	-101.7842	0.3338964	0.06904098	0.457158
70800	-102.8457	-99.66905	-3.17661	0.5560929	1.725359
71000	-102.1438	-98.46473	-3.679105	0.4905756	2.042124
71200	-100.17	-98.50482	-1.665214	0.2876597	1.238095
71400	-100.0167	-99.03098	-0.9857736	0.2713	0.914734
71600	-101.0806	-99.81775	-1.262873	0.3267189	0.9978648
71800	-98.84707	-99.87015	1.023073	0.04497572	0.1366349
72000	-99.27342	-99.34708	0.07366598	0.105821	0.5504932
72200	-103.278	-99.95902	-3.318976	0.3557917	1.996843
72400	-98.48821	-98.47454	-0.01366996	0.1343496	0.5656326
72600	-104.0438	-98.93076	-5.113043	0.7336761	2.515993
72800	-98.75554	-98.79061	0.03506957	0.149346	0.5262664
73000	-99.57208	-98.98475	-0.5873304	0.1669391	0.8198733
73200	-105.3509	-98.55338	-6.797474	0.8587404	3.233144
73400	-99.2209	-98.8206	-0.4003028	0.1984292	0.6948694
73600	-98.35274	-98.61305	0.2603088	0.1022878	0.460705
73800	-99.71691	-98.83347	-0.8834402	0.1967631	0.9381042
74000	-98.58965	-99.67808	1.088427	0.03632882	0.1126046
74200	-102.0151	-101.5255	-0.4896165	0.2563273	0.6816281
74400	-99.38474	-98.58737	-0.7973667	0.231428	0.8604026
74600	-98.38444	-98.5007	0.1162609	0.1306168	0.5043999
74800	-100.6988	-98.70409	-1.994756	0.367946	1.322579
75000	-99.21657	-98.79058	-0.4259905	0.2003043	0.7058382
75200	-98.58317	-99.47947	0.8962982	0.05874636	0.1862517
75400	-97.72752	-98.55722	0.8297064	0.05847458	0.2198194
75600	-102.7093	-98.52666	-4.182655	0.5790168	2.205458
75800	-98.33598	-98.4685	0.1325283	0.1209446	0.5059384
76000	-98.65847	-98.8093	0.1508236	0.1075678	0.5101676
76200	-101.9446	-99.34227	-2.602329	0.3217371	1.672575
76400	-100.1218	-99.28231	-0.8395072	0.2618479	0.8510529
76600	-98.30072	-98.84622	0.5455018	0.09375637	0.3266399
76800	-99.21477	-99.19272	-0.02205224	0.115727	0.5884463
77000	-101.4993	-98.4694	-3.029938	0.4256522	1.782464
77200	-103.6306	-98.6022	-5.028352	0.5844513	2.622872
77400	-98.58808	-98.46907	-0.1190118	0.151771	0.6008821
77600	-100.0572	-99.24872	-0.8085233	0.2573094	0.8400994
77800	-103.0104	-99.38449	-3.625892	0.5956255	1.910468
78000	-97.78995	-98.60947	0.8195246	0.06041399	0.2229709
78200	-100.0621	-98.96519	-1.096878	0.2816197	0.9599665
78400	-98.87091	-98.53508	-0.3358249	0.1602962	0.7007635
78600	-100.6983	-98.54371	-2.154629	0.3285564	1.441905
78800	-98.69841	-98.4593	-0.2391139	0.1587102	0.6539939
79000	-99.15477	-98.78623	-0.3685431	0.1938141	0.6836047
79200	-99.96557	-100.6174	0.6518049	0.09560059	0.2716441
79400	-98.13185	-98.47799	0.3461409	0.1056126	0.4144641
79600	-102.3445	-98.85502	-3.489434	0.4210935	2.016771
79800	-98.52713	-99.37113	0.8440034	0.04359444	0.2275511
80000	-98.57628	-98.46947	-0.1068058	0.1439013	0.6026488
80200	-99.24285	-99.8396	0.5967435	0.09753842	0.297237
80400	-100.342	-98.46405	-1.877958	0.3163952	1.315731
80600	-99.64283	-100.3011	0.6582652	0.05338637	0.3106282
80800	-97.62763	-98.457	0.8293775	0.05496746	0.223491
81000	-99.99161	-99.25275	-0.73886	0.2492473	0.8133299
81200	-100.8356	-98.45698	-2.378663	0.3712096	1.511269
81400	-100.2736	-98.72746	-1.546116	0.3205416	1.145664
81600	-100.2551	-98.73226	-1.522861	0.2570743	1.197503
81800	-98.0063	-99.0677	1.061404	0.03732577	0.1251196
82000	-98.0719	-98.45838	0.3864836	0.09783821	0.4020672
82200	-97.99979	-98.84691	0.8471159	0.04663158	0.2229576
82400	-101.2116	-99.9735	-1.238068	0.3274639	0.9847171
82600	-100.1634	-100.4659	0.3024536	0.07838105	0.4635393
82800	-99.93377	-98.54837	-1.385398	0.290371	1.095475
83000	-103.3985	-100.5864	-2.812146	0.5454548	1.553766
83200	-100.3472	-100.9328	0.5855514	0.1061208	0.2942507
83400	-101.6095	-99.03135	-2.578194	0.4534503	1.528794
83600	-99.2335	-98.4846	-0.7488963	0.203486	0.8641094
83800	-97.85972	-98.87295	1.01323	0.03212171	0.1544105
84000	-102.0749	-98.71939	-3.355551	0.4201415	1.950781
84200	-98.19529	-98.45715	0.2618563	0.1111665	0.4510526
84400	-98.34883	-98.53942	0.1905885	0.1248909	0.472962
84600	-99.0526	-98.4687	-0.5839007	0.1985766	0.7865209
84800	-99.75315	-99.03985	-0.7133002	0.2404002	0.8093971
85000	-99.28071	-98.48362	-0.7970821	0.2082059	0.8834823
85200	-101.7513	-99.52025	-2.231043	0.4352777	1.373391
85400	-99.74263	-98.62986	-1.112772	0.2677026	0.9818305
85600	-97.69371	-98.47761	0.7838917	0.06114894	0.2400524
85800	-97.69928	-98.56071	0.8614281	0.04842041	0.2140127
86000	-101.124	-99.86746	-1.256492	0.2015861	1.119807
86200	-97.937	-98.5445	0.6075007	0.08148492	0.3079119
86400	-100.1463	-98.57758	-1.56876	0.3123334	1.165194
86600	-98.41864	-98.46835	0.04971742	0.1346699	0.5336186
86800	-106.0961	-98.75001	-7.346061	0.7689007	3.597277
87000	-99.06489	-98.45731	-0.6075732	0.1973359	0.7995979
87200	-98.55659	-98.48032	-0.07627067	0.1397716	0.591511
87400	-100.2362	-98.49856	-1.737628	0.2953945	1.266567
87600	-98.87072	-98.52891	-0.3418132	0.1798256	0.6842281
87800	-97.88909	-98.49596	0.6068694	0.07997411	0.3097384
88000	-101.4934	-101.4838	-0.009626972	0.1903534	0.5076072
88200	-97.65291	-98.5794	0.9264912	0.0421704	0.1877312
88400	-98.32292	-98.59943	0.2765169	0.1179929	0.4368958
88600	-98.41588	-98.76647	0.3505925	0.09090185	0.4269491
88800	-101.3489	-99.88907	-1.459805	0.2166433	1.206406
89000	-98.80348	-99.71824	0.9147635	0.05769788	0.1780675
89200	-99.6841	-100.297	0.6129295	0.09867275	0.2880097
89400	-98.34031	-98.54097	0.2006563	0.1239052	0.4689139
89600	-99.47803	-98.45803	-1.02	0.2357152	0.9674319
89800	-99.89817	-98.62783	-1.270346	0.2404038	1.087916
90000	-97.83719	-98.47312	0.6359279	0.0759157	0.2992675
90200	-98.83471	-98.9054	0.0706826	0.1126708	0.5451351
90400	-98.48346	-98.6688	0.1853414	0.1075977	0.4928788
90600	-100.0462	-98.45814	-1.588044	0.2953234	1.191846
90800	-99.63516	-98.46929	-1.165869	0.2460125	1.030069
91000	-104.2224	-103.0968	-1.125612	0.3669906	0.8889624
91200	-97.35854	-98.46134	1.102803	0.02757975	0.1141659
91400	-99.17529	-98.46288	-0.7124115	0.2037268	0.8456261
91600	-98.08336	-98.45853	0.3751664	0.1005029	0.4050611
91800	-98.12316	-98.96709	0.8439313	0.06152553	0.209656
92000	-97.92057	-98.48171	0.5611367	0.07878392	0.3337949
92200	-98.69603	-99.17678	0.4807553	0.07456448	0.3782051
92400	-98.6301	-98.47207	-0.1580364	0.15611	0.6160554
92600	-100.5415	-100.1747	-0.3668158	0.2218637	0.6546914
92800	-102.2627	-98.62095	-3.641787	0.5374733	1.976567
93000	-99.1611	-98.82358	-0.3375215	0.1497002	0.7122077
93200	-101.0061	-99.61702	-1.389046	0.3367705	1.0509
93400	-99.03833	-98.45957	-0.5787571	0.1917651	0.7907607
93600	-99.14232	-98.47805	-0.6642745	0.1962732	0.8290112
93800	-101.105	-100.7076	-0.3973832	0.2333975	0.6584413
94000	-97.75653	-98.51714	0.7606129	0.06481303	0.2480277
94200	-99.11591	-98.54657	-0.5693398	0.2047574	0.7730597
94400	-102.4268	-98.56378	-3.862991	0.5525922	2.072051
94600	-98.45281	-99.20472	0.7519135	0.07402562	0.2431648
94800	-98.83433	-98.97886	0.1445383	0.141083	0.479795
95000	-101.3461	-99.76652	-1.579625	0.364321	1.118639
95200	-98.60224	-99.05879	0.4565452	0.07779652	0.3870781
95400	-98.21096	-98.46112	0.2501561	0.1105698	0.4574994
95600	-97.54127	-98.50312	0.9618528	0.04004393	0.1721768
95800	-100.056	-98.90406	-1.151905	0.2854557	0.9836438
96000	-98.07953	-98.58591	0.5063834	0.09321735	0.3467381
96200	-97.80522	-98.60486	0.7996401	0.06246077	0.2308664
96400	-100.2677	-100.2229	-0.04476433	0.1816963	0.5338331
96600	-99.14498	-98.5768	-0.5681831	0.1793946	0.7978441
96800	-100.9323	-98.59827	-2.334016	0.3393377	1.520817
97000	-101.2931	-99.02298	-2.270102	0.4177755	1.410423
97200	-98.981	-98.71298	-0.2680173	0.1467746	0.6803813
97400	-98.61231	-99.69586	1.08355	0.03697749	0.1143948
97600	-101.0692	-100.4519	-0.6172491	0.14506	0.8567118
97800	-99.59603	-98.61576	-0.980269	0.21483	0.9684517
98000	-100.226	-99.10138	-1.12458	0.2088509	1.046586
98200	-97.63491	-98.66055	1.025638	0.03237488	0.1479535
98400	-99.61805	-98.78137	-0.8366894	0.2453186	0.8661733
98600	-100.4497	-98.5361	-1.913581	0.344273	1.305665
98800	-98.04924	-98.49645	0.4472123	0.09637972	0.3731613
99000	-100.2632	-98.65393	-1.609316	0.2693294	1.228476
99200	-99.45854	-98.60001	-0.8585261	0.238708	0.8837023
99400	-98.39147	-98.57346	0.1819872	0.1271392	0.4750144
99600	-98.26129	-98.55066	0.2893691	0.1015349	0.4469277
99800	-99.26332	-98.45968	-0.8036329	0.213664	0.8812996
100000	-98.30413	-98.72301	0.4188823	0.0856508	0.3980553
